Log file open, 10/31/22 06:48:26
LogWindows: Failed to load 'aqProf.dll' (GetLastError=126)
LogWindows: File 'aqProf.dll' does not exist
LogWindows: Failed to load 'VtuneApi.dll' (GetLastError=126)
LogWindows: File 'VtuneApi.dll' does not exist
LogWindows: Failed to load 'VtuneApi32e.dll' (GetLastError=126)
LogWindows: File 'VtuneApi32e.dll' does not exist
LogConsoleResponse: Display: Failed to find resolution value strings in scalability ini. Falling back to default.
LogConsoleResponse: Display: Failed to find resolution value strings in scalability ini. Falling back to default.
LogInit: Display: Running engine for game: MyUFO
LogPlatformFile: Not using cached read wrapper
LogTaskGraph: Started task graph with 5 named threads and 11 total threads with 3 sets of task threads.
LogStats: Stats thread started at 0.288221
LogICUInternationalization: ICU TimeZone Detection - Raw Offset: +0:00, Platform Override: ''
LogInit: Display: Loading text-based GConfig....
LogPluginManager: Mounting plugin MeshPainting
LogPluginManager: Mounting plugin XGEController
LogPluginManager: Mounting plugin Paper2D
LogPluginManager: Mounting plugin AISupport
LogPluginManager: Mounting plugin EnvironmentQueryEditor
LogPluginManager: Mounting plugin LiveLink
LogPluginManager: Mounting plugin LightPropagationVolume
LogPluginManager: Mounting plugin CameraShakePreviewer
LogPluginManager: Mounting plugin OodleData
LogPluginManager: Mounting plugin GameplayCameras
LogPluginManager: Mounting plugin OodleNetwork
LogPluginManager: Mounting plugin AnimationSharing
LogPluginManager: Mounting plugin CodeLiteSourceCodeAccess
LogPluginManager: Mounting plugin CLionSourceCodeAccess
LogPluginManager: Mounting plugin KDevelopSourceCodeAccess
LogPluginManager: Mounting plugin GitSourceControl
LogPluginManager: Mounting plugin NullSourceCodeAccess
LogPluginManager: Mounting plugin PerforceSourceControl
LogPluginManager: Mounting plugin PixWinPlugin
LogPluginManager: Mounting plugin PlasticSourceControl
LogPluginManager: Mounting plugin PluginUtils
LogPluginManager: Mounting plugin PropertyAccessNode
LogPluginManager: Mounting plugin RiderSourceCodeAccess
LogPluginManager: Mounting plugin SubversionSourceControl
LogPluginManager: Mounting plugin TextureFormatOodle
LogPluginManager: Mounting plugin UObjectPlugin
LogPluginManager: Mounting plugin VisualStudioSourceCodeAccess
LogPluginManager: Mounting plugin VisualStudioCodeSourceCodeAccess
LogPluginManager: Mounting plugin XCodeSourceCodeAccess
LogPluginManager: Mounting plugin AssetManagerEditor
LogPluginManager: Mounting plugin DatasmithContent
LogPluginManager: Mounting plugin CryptoKeys
LogPluginManager: Mounting plugin CurveEditorTools
LogPluginManager: Mounting plugin DataValidation
LogPluginManager: Mounting plugin FacialAnimation
LogPluginManager: Mounting plugin GameplayTagsEditor
LogPluginManager: Mounting plugin GeometryMode
LogPluginManager: Mounting plugin MacGraphicsSwitching
LogPluginManager: Mounting plugin MaterialAnalyzer
LogPluginManager: Mounting plugin MobileLauncherProfileWizard
LogPluginManager: Mounting plugin VariantManagerContent
LogPluginManager: Mounting plugin PluginBrowser
LogPluginManager: Mounting plugin SpeedTreeImporter
LogPluginManager: Mounting plugin Niagara
LogPluginManager: Mounting plugin AlembicImporter
LogPluginManager: Mounting plugin AutomationUtils
LogPluginManager: Mounting plugin BackChannel
LogPluginManager: Mounting plugin ChaosCloth
LogPluginManager: Mounting plugin ChaosEditor
LogPluginManager: Mounting plugin ChaosClothEditor
LogPluginManager: Mounting plugin ChaosNiagara
LogPluginManager: Mounting plugin ChaosSolverPlugin
LogPluginManager: Mounting plugin CharacterAI
LogPluginManager: Mounting plugin GeometryCache
LogPluginManager: Mounting plugin GeometryCollectionPlugin
LogPluginManager: Mounting plugin LuminPlatformFeatures
LogPluginManager: Mounting plugin MagicLeap
LogPluginManager: Mounting plugin MagicLeapLightEstimation
LogPluginManager: Mounting plugin MagicLeapMedia
LogPluginManager: Mounting plugin GeometryProcessing
LogPluginManager: Mounting plugin MagicLeapPassableWorld
LogPluginManager: Mounting plugin MLSDK
LogPluginManager: Mounting plugin MotoSynth
LogPluginManager: Mounting plugin OpenImageDenoise
LogPluginManager: Mounting plugin PlanarCut
LogPluginManager: Mounting plugin PlatformCrypto
LogPluginManager: Mounting plugin AndroidMedia
LogPluginManager: Mounting plugin ProxyLODPlugin
LogPluginManager: Mounting plugin PythonScriptPlugin
LogPluginManager: Mounting plugin AvfMedia
LogPluginManager: Mounting plugin HardwareEncoders
LogPluginManager: Mounting plugin SkeletalReduction
LogPluginManager: Mounting plugin ImgMedia
LogPluginManager: Mounting plugin MediaCompositing
LogPluginManager: Mounting plugin MediaPlayerEditor
LogPluginManager: Mounting plugin PixelStreaming
LogPluginManager: Mounting plugin WebMMedia
LogPluginManager: Mounting plugin WmfMedia
LogPluginManager: Mounting plugin TcpMessaging
LogPluginManager: Mounting plugin UdpMessaging
LogPluginManager: Mounting plugin ActorSequence
LogPluginManager: Mounting plugin LevelSequenceEditor
LogPluginManager: Mounting plugin MatineeToLevelSequence
LogPluginManager: Mounting plugin TemplateSequence
LogPluginManager: Mounting plugin OnlineSubsystem
LogPluginManager: Mounting plugin OnlineSubsystemNull
LogPluginManager: Mounting plugin OnlineSubsystemUtils
LogPluginManager: Mounting plugin LauncherChunkInstaller
LogPluginManager: Mounting plugin ActorLayerUtilities
LogPluginManager: Mounting plugin AndroidMoviePlayer
LogPluginManager: Mounting plugin AndroidDeviceProfileSelector
LogPluginManager: Mounting plugin AndroidPermission
LogPluginManager: Mounting plugin AppleMoviePlayer
LogPluginManager: Mounting plugin AppleImageUtils
LogPluginManager: Mounting plugin ArchVisCharacter
LogPluginManager: Mounting plugin AssetTags
LogPluginManager: Mounting plugin AudioCapture
LogPluginManager: Mounting plugin AudioSynesthesia
LogPluginManager: Mounting plugin CableComponent
LogPluginManager: Mounting plugin ChunkDownloader
LogPluginManager: Mounting plugin CustomMeshComponent
LogPluginManager: Mounting plugin ExampleDeviceProfileSelector
LogPluginManager: Mounting plugin EditableMesh
LogPluginManager: Mounting plugin GoogleCloudMessaging
LogPluginManager: Mounting plugin GooglePAD
LogPluginManager: Mounting plugin IOSDeviceProfileSelector
LogPluginManager: Mounting plugin LinuxDeviceProfileSelector
LogPluginManager: Mounting plugin LocationServicesBPLibrary
LogPluginManager: Mounting plugin MobilePatchingUtils
LogPluginManager: Mounting plugin ScreenshotTools
LogPluginManager: Mounting plugin OpenXR
LogPluginManager: Mounting plugin OpenXREyeTracker
LogPluginManager: Mounting plugin OpenXRHandTracking
LogPluginManager: Mounting plugin PostSplashScreen
LogPluginManager: Mounting plugin PhysXVehicles
LogPluginManager: Mounting plugin ProceduralMeshComponent
LogPluginManager: Mounting plugin PropertyAccessEditor
LogPluginManager: Mounting plugin RuntimePhysXCooking
LogPluginManager: Mounting plugin SignificanceManager
LogPluginManager: Mounting plugin SoundFields
LogPluginManager: Mounting plugin Synthesis
LogPluginManager: Mounting plugin WebMMoviePlayer
LogPluginManager: Mounting plugin WindowsMoviePlayer
LogPluginManager: Mounting plugin Takes
LogPluginManager: Mounting plugin ContentBrowserAssetDataSource
LogPluginManager: Mounting plugin ContentBrowserClassDataSource
LogPluginManager: Mounting plugin ContentBrowserFileDataSource
LogPluginManager: Mounting plugin OnlineSubsystemGooglePlay
LogPluginManager: Mounting plugin OnlineSubsystemIOS
LogPluginManager: Mounting plugin OculusVR
LogPluginManager: Mounting plugin SteamVR
PixWinPlugin: PIX capture plugin failed to initialize! Check that the process is launched from PIX.
LogWindows: Failed to load 'amfrt64.dll' (GetLastError=126)
LogWindows: File 'amfrt64.dll' does not exist
LogD3D11RHI: Loaded GFSDK_Aftermath_Lib.x64.dll
LogD3D11RHI: D3D11 min allowed feature level: 11_0
LogD3D11RHI: D3D11 max allowed feature level: 11_0
LogD3D11RHI: D3D11 adapters:
LogD3D11RHI:    0. 'NVIDIA Tesla T4' (Feature Level 11_0)
LogD3D11RHI:       15158/0/8041 MB DedicatedVideo/DedicatedSystem/SharedSystem, Outputs:1, VendorId:0x10de
LogD3D11RHI:    1. 'Microsoft Basic Render Driver' (Feature Level 11_0)
LogD3D11RHI:       0/0/8041 MB DedicatedVideo/DedicatedSystem/SharedSystem, Outputs:0, VendorId:0x1414
LogD3D11RHI:    2. 'Microsoft Basic Render Driver' (Feature Level 11_0)
LogD3D11RHI:       0/0/8041 MB DedicatedVideo/DedicatedSystem/SharedSystem, Outputs:0, VendorId:0x1414
LogD3D11RHI: Chosen D3D11 Adapter:
LogD3D11RHI:     Description : NVIDIA Tesla T4
LogD3D11RHI:     VendorId    : 10de
LogD3D11RHI:     DeviceId    : 1eb8
LogD3D11RHI:     SubSysId    : 12a210de
LogD3D11RHI:     Revision    : 00a1
LogD3D11RHI:     DedicatedVideoMemory : 15894437888 bytes
LogD3D11RHI:     DedicatedSystemMemory : 0 bytes
LogD3D11RHI:     SharedSystemMemory : 8432400384 bytes
LogD3D11RHI:     AdapterLuid : 0 20957
LogInit: Using libcurl 7.55.1-DEV
LogInit:  - built for x86_64-pc-win32
LogInit:  - supports SSL with OpenSSL/1.1.1
LogInit:  - supports HTTP deflate (compression) using libz 1.2.8
LogInit:  - other features:
LogInit:      CURL_VERSION_SSL
LogInit:      CURL_VERSION_LIBZ
LogInit:      CURL_VERSION_IPV6
LogInit:      CURL_VERSION_ASYNCHDNS
LogInit:      CURL_VERSION_LARGEFILE
LogInit:      CURL_VERSION_IDN
LogInit:  CurlRequestOptions (configurable via config and command line):
LogInit:  - bVerifyPeer = true  - Libcurl will verify peer certificate
LogInit:  - bUseHttpProxy = false  - Libcurl will NOT use HTTP proxy
LogInit:  - bDontReuseConnections = false  - Libcurl will reuse connections
LogInit:  - MaxHostConnections = 16  - Libcurl will limit the number of connections to a host
LogInit:  - LocalHostAddr = Default
LogInit:  - BufferSize = 65536
LogOnline: OSS: Creating online subsystem instance for: NULL
LogInit: WinSock: version 1.1 (2.2), MaxSocks=32767, MaxUdp=65467
LogOnline: OSS: TryLoadSubsystemAndSetDefault: Loaded subsystem for module [NULL]
LogOculusPluginWrapper: OculusPlugin initialized successfully
LogHMD: Failed initializing OVRPlugin 1.59.0
LogInit: Build: ++UE4+Release-4.27-CL-18319896
LogInit: Engine Version: 4.27.2-18319896+++UE4+Release-4.27
LogInit: Compatible Engine Version: 4.27.0-17155196+++UE4+Release-4.27
LogInit: Net CL: 17155196
LogInit: OS: Windows Server 2019 (Release 1809) (), CPU: Intel(R) Xeon(R) Platinum 8259CL CPU @ 2.50GHz, GPU: NVIDIA Tesla T4
LogInit: Compiled (64-bit): Nov 30 2021 07:12:08
LogInit: Compiled with Visual C++: 19.24.28315.00
LogInit: Build Configuration: Development
LogInit: Branch Name: ++UE4+Release-4.27
LogInit: Command Line:  -EpicPortal -epicusername=robinsujob -epicuserid=4530924126f5471089136e678b26b013 -epiclocale=zh-Hans -epicsandboxid=ue
LogInit: Base Directory: C:/Program Files/Epic Games/UE_4.27/Engine/Binaries/Win64/
LogInit: Allocator: TBB
LogInit: Installed Engine Build: 1
LogDevObjectVersion: Number of dev versions registered: 29
LogDevObjectVersion:   Dev-Blueprints (B0D832E4-1F89-4F0D-ACCF-7EB736FD4AA2): 10
LogDevObjectVersion:   Dev-Build (E1C64328-A22C-4D53-A36C-8E866417BD8C): 0
LogDevObjectVersion:   Dev-Core (375EC13C-06E4-48FB-B500-84F0262A717E): 4
LogDevObjectVersion:   Dev-Editor (E4B068ED-F494-42E9-A231-DA0B2E46BB41): 40
LogDevObjectVersion:   Dev-Framework (CFFC743F-43B0-4480-9391-14DF171D2073): 37
LogDevObjectVersion:   Dev-Mobile (B02B49B5-BB20-44E9-A304-32B752E40360): 3
LogDevObjectVersion:   Dev-Networking (A4E4105C-59A1-49B5-A7C5-40C4547EDFEE): 0
LogDevObjectVersion:   Dev-Online (39C831C9-5AE6-47DC-9A44-9C173E1C8E7C): 0
LogDevObjectVersion:   Dev-Physics (78F01B33-EBEA-4F98-B9B4-84EACCB95AA2): 14
LogDevObjectVersion:   Dev-Platform (6631380F-2D4D-43E0-8009-CF276956A95A): 0
LogDevObjectVersion:   Dev-Rendering (12F88B9F-8875-4AFC-A67C-D90C383ABD29): 45
LogDevObjectVersion:   Dev-Sequencer (7B5AE74C-D270-4C10-A958-57980B212A5A): 13
LogDevObjectVersion:   Dev-VR (D7296918-1DD6-4BDD-9DE2-64A83CC13884): 3
LogDevObjectVersion:   Dev-LoadTimes (C2A15278-BFE7-4AFE-6C17-90FF531DF755): 1
LogDevObjectVersion:   Private-Geometry (6EACA3D4-40EC-4CC1-B786-8BED09428FC5): 3
LogDevObjectVersion:   Dev-AnimPhys (29E575DD-E0A3-4627-9D10-D276232CDCEA): 17
LogDevObjectVersion:   Dev-Anim (AF43A65D-7FD3-4947-9873-3E8ED9C1BB05): 15
LogDevObjectVersion:   Dev-ReflectionCapture (6B266CEC-1EC7-4B8F-A30B-E4D90942FC07): 1
LogDevObjectVersion:   Dev-Automation (0DF73D61-A23F-47EA-B727-89E90C41499A): 1
LogDevObjectVersion:   FortniteMain (601D1886-AC64-4F84-AA16-D3DE0DEAC7D6): 47
LogDevObjectVersion:   FortniteRelease (E7086368-6B23-4C58-8439-1B7016265E91): 1
LogDevObjectVersion:   Dev-Enterprise (9DFFBCD6-494F-0158-E221-12823C92A888): 10
LogDevObjectVersion:   Dev-Niagara (F2AED0AC-9AFE-416F-8664-AA7FFA26D6FC): 1
LogDevObjectVersion:   Dev-Destruction (174F1F0B-B4C6-45A5-B13F-2EE8D0FB917D): 10
LogDevObjectVersion:   Dev-Physics-Ext (35F94A83-E258-406C-A318-09F59610247C): 41
LogDevObjectVersion:   Dev-PhysicsMaterial-Chaos (B68FC16E-8B1B-42E2-B453-215C058844FE): 1
LogDevObjectVersion:   Dev-CineCamera (B2E18506-4273-CFC2-A54E-F4BB758BBA07): 1
LogDevObjectVersion:   Dev-VirtualProduction (64F58936-FD1B-42BA-BA96-7289D5D0FA4E): 1
LogDevObjectVersion:   Dev-MediaFramework (6F0ED827-A609-4895-9C91-998D90180EA4): 2
LogInit: Presizing for max 25165824 objects, including 0 objects not considered by GC, pre-allocating 0 bytes for permanent pool.
LogConfig: Applying CVar settings from Section [/Script/Engine.StreamingSettings] File [C:/Users/Administrator/Documents/Unreal Projects/MyUFO/Saved/Config/Windows/Engine.ini]
LogConfig: Setting CVar [[s.MinBulkDataSizeForAsyncLoading:131072]]
LogConfig: Setting CVar [[s.AsyncLoadingThreadEnabled:0]]
LogConfig: Setting CVar [[s.EventDrivenLoaderEnabled:1]]
LogConfig: Setting CVar [[s.WarnIfTimeLimitExceeded:0]]
LogConfig: Setting CVar [[s.TimeLimitExceededMultiplier:1.5]]
LogConfig: Setting CVar [[s.TimeLimitExceededMinTime:0.005]]
LogConfig: Setting CVar [[s.UseBackgroundLevelStreaming:1]]
LogConfig: Setting CVar [[s.PriorityAsyncLoadingExtraTime:15.0]]
LogConfig: Setting CVar [[s.LevelStreamingActorsUpdateTimeLimit:5.0]]
LogConfig: Setting CVar [[s.PriorityLevelStreamingActorsUpdateExtraTime:5.0]]
LogConfig: Setting CVar [[s.LevelStreamingComponentsRegistrationGranularity:10]]
LogConfig: Setting CVar [[s.UnregisterComponentsTimeLimit:1.0]]
LogConfig: Setting CVar [[s.LevelStreamingComponentsUnregistrationGranularity:5]]
LogConfig: Setting CVar [[s.FlushStreamingOnExit:1]]
LogInit: Object subsystem initialized
LogConfig: Setting CVar [[con.DebugEarlyDefault:1]]
LogConfig: Setting CVar [[r.setres:1280x720]]
[2022.10.31-06.48.27:194][  0]LogConfig: Setting CVar [[r.VSync:0]]
[2022.10.31-06.48.27:194][  0]LogConfig: Setting CVar [[r.RHICmdBypass:0]]
[2022.10.31-06.48.27:194][  0]LogConfig: Applying CVar settings from Section [/Script/Engine.RendererSettings] File [C:/Users/Administrator/Documents/Unreal Projects/MyUFO/Saved/Config/Windows/Engine.ini]
[2022.10.31-06.48.27:194][  0]LogConfig: Setting CVar [[r.GPUCrashDebugging:0]]
[2022.10.31-06.48.27:194][  0]LogConfig: Applying CVar settings from Section [/Script/Engine.RendererOverrideSettings] File [C:/Users/Administrator/Documents/Unreal Projects/MyUFO/Saved/Config/Windows/Engine.ini]
[2022.10.31-06.48.27:194][  0]LogConfig: Applying CVar settings from Section [/Script/Engine.StreamingSettings] File [C:/Users/Administrator/Documents/Unreal Projects/MyUFO/Saved/Config/Windows/Engine.ini]
[2022.10.31-06.48.27:194][  0]LogConfig: Setting CVar [[s.MinBulkDataSizeForAsyncLoading:131072]]
[2022.10.31-06.48.27:194][  0]LogConfig: Setting CVar [[s.AsyncLoadingThreadEnabled:0]]
[2022.10.31-06.48.27:194][  0]LogConfig: Setting CVar [[s.EventDrivenLoaderEnabled:1]]
[2022.10.31-06.48.27:194][  0]LogConfig: Setting CVar [[s.WarnIfTimeLimitExceeded:0]]
[2022.10.31-06.48.27:194][  0]LogConfig: Setting CVar [[s.TimeLimitExceededMultiplier:1.5]]
[2022.10.31-06.48.27:194][  0]LogConfig: Setting CVar [[s.TimeLimitExceededMinTime:0.005]]
[2022.10.31-06.48.27:194][  0]LogConfig: Setting CVar [[s.UseBackgroundLevelStreaming:1]]
[2022.10.31-06.48.27:194][  0]LogConfig: Setting CVar [[s.PriorityAsyncLoadingExtraTime:15.0]]
[2022.10.31-06.48.27:194][  0]LogConfig: Setting CVar [[s.LevelStreamingActorsUpdateTimeLimit:5.0]]
[2022.10.31-06.48.27:194][  0]LogConfig: Setting CVar [[s.PriorityLevelStreamingActorsUpdateExtraTime:5.0]]
[2022.10.31-06.48.27:194][  0]LogConfig: Setting CVar [[s.LevelStreamingComponentsRegistrationGranularity:10]]
[2022.10.31-06.48.27:194][  0]LogConfig: Setting CVar [[s.UnregisterComponentsTimeLimit:1.0]]
[2022.10.31-06.48.27:194][  0]LogConfig: Setting CVar [[s.LevelStreamingComponentsUnregistrationGranularity:5]]
[2022.10.31-06.48.27:194][  0]LogConfig: Setting CVar [[s.FlushStreamingOnExit:1]]
[2022.10.31-06.48.27:194][  0]LogConfig: Applying CVar settings from Section [/Script/Engine.GarbageCollectionSettings] File [C:/Users/Administrator/Documents/Unreal Projects/MyUFO/Saved/Config/Windows/Engine.ini]
[2022.10.31-06.48.27:194][  0]LogConfig: Setting CVar [[gc.MaxObjectsNotConsideredByGC:1]]
[2022.10.31-06.48.27:194][  0]LogConfig: Setting CVar [[gc.SizeOfPermanentObjectPool:0]]
[2022.10.31-06.48.27:194][  0]LogConfig: Setting CVar [[gc.FlushStreamingOnGC:0]]
[2022.10.31-06.48.27:194][  0]LogConfig: Setting CVar [[gc.NumRetriesBeforeForcingGC:10]]
[2022.10.31-06.48.27:194][  0]LogConfig: Setting CVar [[gc.AllowParallelGC:1]]
[2022.10.31-06.48.27:194][  0]LogConfig: Setting CVar [[gc.TimeBetweenPurgingPendingKillObjects:61.1]]
[2022.10.31-06.48.27:194][  0]LogConfig: Setting CVar [[gc.MaxObjectsInEditor:25165824]]
[2022.10.31-06.48.27:194][  0]LogConfig: Setting CVar [[gc.IncrementalBeginDestroyEnabled:1]]
[2022.10.31-06.48.27:194][  0]LogConfig: Setting CVar [[gc.CreateGCClusters:1]]
[2022.10.31-06.48.27:194][  0]LogConfig: Setting CVar [[gc.MinGCClusterSize:5]]
[2022.10.31-06.48.27:194][  0]LogConfig: Setting CVar [[gc.ActorClusteringEnabled:0]]
[2022.10.31-06.48.27:194][  0]LogConfig: Setting CVar [[gc.BlueprintClusteringEnabled:0]]
[2022.10.31-06.48.27:194][  0]LogConfig: Setting CVar [[gc.UseDisregardForGCOnDedicatedServers:0]]
[2022.10.31-06.48.27:194][  0]LogConfig: Setting CVar [[gc.MultithreadedDestructionEnabled:1]]
[2022.10.31-06.48.27:194][  0]LogConfig: Applying CVar settings from Section [/Script/Engine.NetworkSettings] File [C:/Users/Administrator/Documents/Unreal Projects/MyUFO/Saved/Config/Windows/Engine.ini]
[2022.10.31-06.48.27:194][  0]LogConfig: Applying CVar settings from Section [/Script/UnrealEd.CookerSettings] File [C:/Users/Administrator/Documents/Unreal Projects/MyUFO/Saved/Config/Windows/Engine.ini]
[2022.10.31-06.48.27:195][  0]LogConfig: Applying CVar settings from Section [ViewDistanceQuality@3] File [C:/Users/Administrator/Documents/Unreal Projects/MyUFO/Saved/Config/Windows/Scalability.ini]
[2022.10.31-06.48.27:195][  0]LogConfig: Setting CVar [[r.SkeletalMeshLODBias:0]]
[2022.10.31-06.48.27:195][  0]LogConfig: Setting CVar [[r.ViewDistanceScale:1.0]]
[2022.10.31-06.48.27:195][  0]LogConfig: Applying CVar settings from Section [AntiAliasingQuality@3] File [C:/Users/Administrator/Documents/Unreal Projects/MyUFO/Saved/Config/Windows/Scalability.ini]
[2022.10.31-06.48.27:196][  0]LogConfig: Setting CVar [[r.PostProcessAAQuality:4]]
[2022.10.31-06.48.27:196][  0]LogConfig: Applying CVar settings from Section [ShadowQuality@3] File [C:/Users/Administrator/Documents/Unreal Projects/MyUFO/Saved/Config/Windows/Scalability.ini]
[2022.10.31-06.48.27:196][  0]LogConfig: Setting CVar [[r.LightFunctionQuality:1]]
[2022.10.31-06.48.27:196][  0]LogConfig: Setting CVar [[r.ShadowQuality:5]]
[2022.10.31-06.48.27:196][  0]LogConfig: Setting CVar [[r.Shadow.CSM.MaxCascades:10]]
[2022.10.31-06.48.27:196][  0]LogConfig: Setting CVar [[r.Shadow.MaxResolution:2048]]
[2022.10.31-06.48.27:196][  0]LogConfig: Setting CVar [[r.Shadow.MaxCSMResolution:2048]]
[2022.10.31-06.48.27:196][  0]LogConfig: Setting CVar [[r.Shadow.RadiusThreshold:0.01]]
[2022.10.31-06.48.27:196][  0]LogConfig: Setting CVar [[r.Shadow.DistanceScale:1.0]]
[2022.10.31-06.48.27:196][  0]LogConfig: Setting CVar [[r.Shadow.CSM.TransitionScale:1.0]]
[2022.10.31-06.48.27:196][  0]LogConfig: Setting CVar [[r.Shadow.PreShadowResolutionFactor:1.0]]
[2022.10.31-06.48.27:196][  0]LogConfig: Setting CVar [[r.DistanceFieldShadowing:1]]
[2022.10.31-06.48.27:196][  0]LogConfig: Setting CVar [[r.DistanceFieldAO:1]]
[2022.10.31-06.48.27:196][  0]LogConfig: Setting CVar [[r.AOQuality:2]]
[2022.10.31-06.48.27:196][  0]LogConfig: Setting CVar [[r.VolumetricFog:1]]
[2022.10.31-06.48.27:196][  0]LogConfig: Setting CVar [[r.VolumetricFog.GridPixelSize:8]]
[2022.10.31-06.48.27:196][  0]LogConfig: Setting CVar [[r.VolumetricFog.GridSizeZ:128]]
[2022.10.31-06.48.27:196][  0]LogConfig: Setting CVar [[r.VolumetricFog.HistoryMissSupersampleCount:4]]
[2022.10.31-06.48.27:196][  0]LogConfig: Setting CVar [[r.LightMaxDrawDistanceScale:1]]
[2022.10.31-06.48.27:196][  0]LogConfig: Setting CVar [[r.CapsuleShadows:1]]
[2022.10.31-06.48.27:196][  0]LogConfig: Applying CVar settings from Section [PostProcessQuality@3] File [C:/Users/Administrator/Documents/Unreal Projects/MyUFO/Saved/Config/Windows/Scalability.ini]
[2022.10.31-06.48.27:196][  0]LogConfig: Setting CVar [[r.MotionBlurQuality:4]]
[2022.10.31-06.48.27:196][  0]LogConfig: Setting CVar [[r.AmbientOcclusionMipLevelFactor:0.4]]
[2022.10.31-06.48.27:196][  0]LogConfig: Setting CVar [[r.AmbientOcclusionMaxQuality:100]]
[2022.10.31-06.48.27:196][  0]LogConfig: Setting CVar [[r.AmbientOcclusionLevels:-1]]
[2022.10.31-06.48.27:196][  0]LogConfig: Setting CVar [[r.AmbientOcclusionRadiusScale:1.0]]
[2022.10.31-06.48.27:196][  0]LogConfig: Setting CVar [[r.DepthOfFieldQuality:2]]
[2022.10.31-06.48.27:196][  0]LogConfig: Setting CVar [[r.RenderTargetPoolMin:400]]
[2022.10.31-06.48.27:196][  0]LogConfig: Setting CVar [[r.LensFlareQuality:2]]
[2022.10.31-06.48.27:196][  0]LogConfig: Setting CVar [[r.SceneColorFringeQuality:1]]
[2022.10.31-06.48.27:196][  0]LogConfig: Setting CVar [[r.EyeAdaptationQuality:2]]
[2022.10.31-06.48.27:196][  0]LogConfig: Setting CVar [[r.BloomQuality:5]]
[2022.10.31-06.48.27:196][  0]LogConfig: Setting CVar [[r.FastBlurThreshold:100]]
[2022.10.31-06.48.27:196][  0]LogConfig: Setting CVar [[r.Upscale.Quality:3]]
[2022.10.31-06.48.27:196][  0]LogConfig: Setting CVar [[r.Tonemapper.GrainQuantization:1]]
[2022.10.31-06.48.27:196][  0]LogConfig: Setting CVar [[r.LightShaftQuality:1]]
[2022.10.31-06.48.27:196][  0]LogConfig: Setting CVar [[r.Filter.SizeScale:1]]
[2022.10.31-06.48.27:196][  0]LogConfig: Setting CVar [[r.Tonemapper.Quality:5]]
[2022.10.31-06.48.27:196][  0]LogConfig: Setting CVar [[r.DOF.Gather.AccumulatorQuality:1        ; higher gathering accumulator quality]]
[2022.10.31-06.48.27:196][  0]LogConfig: Setting CVar [[r.DOF.Gather.PostfilterMethod:1          ; Median3x3 postfilering method]]
[2022.10.31-06.48.27:196][  0]LogConfig: Setting CVar [[r.DOF.Gather.EnableBokehSettings:0       ; no bokeh simulation when gathering]]
[2022.10.31-06.48.27:196][  0]LogConfig: Setting CVar [[r.DOF.Gather.RingCount:4                 ; medium number of samples when gathering]]
[2022.10.31-06.48.27:196][  0]LogConfig: Setting CVar [[r.DOF.Scatter.ForegroundCompositing:1    ; additive foreground scattering]]
[2022.10.31-06.48.27:196][  0]LogConfig: Setting CVar [[r.DOF.Scatter.BackgroundCompositing:2    ; additive background scattering]]
[2022.10.31-06.48.27:196][  0]LogConfig: Setting CVar [[r.DOF.Scatter.EnableBokehSettings:1      ; bokeh simulation when scattering]]
[2022.10.31-06.48.27:196][  0]LogConfig: Setting CVar [[r.DOF.Scatter.MaxSpriteRatio:0.1         ; only a maximum of 10% of scattered bokeh]]
[2022.10.31-06.48.27:196][  0]LogConfig: Setting CVar [[r.DOF.Recombine.Quality:1                ; cheap slight out of focus]]
[2022.10.31-06.48.27:196][  0]LogConfig: Setting CVar [[r.DOF.Recombine.EnableBokehSettings:0    ; no bokeh simulation on slight out of focus]]
[2022.10.31-06.48.27:196][  0]LogConfig: Setting CVar [[r.DOF.TemporalAAQuality:1                ; more stable temporal accumulation]]
[2022.10.31-06.48.27:196][  0]LogConfig: Setting CVar [[r.DOF.Kernel.MaxForegroundRadius:0.025]]
[2022.10.31-06.48.27:196][  0]LogConfig: Setting CVar [[r.DOF.Kernel.MaxBackgroundRadius:0.025]]
[2022.10.31-06.48.27:196][  0]LogConfig: Applying CVar settings from Section [TextureQuality@3] File [C:/Users/Administrator/Documents/Unreal Projects/MyUFO/Saved/Config/Windows/Scalability.ini]
[2022.10.31-06.48.27:196][  0]LogConfig: Setting CVar [[r.Streaming.MipBias:0]]
[2022.10.31-06.48.27:196][  0]LogConfig: Setting CVar [[r.Streaming.AmortizeCPUToGPUCopy:0]]
[2022.10.31-06.48.27:196][  0]LogConfig: Setting CVar [[r.Streaming.MaxNumTexturesToStreamPerFrame:0]]
[2022.10.31-06.48.27:196][  0]LogConfig: Setting CVar [[r.Streaming.Boost:1]]
[2022.10.31-06.48.27:196][  0]LogConfig: Setting CVar [[r.MaxAnisotropy:8]]
[2022.10.31-06.48.27:196][  0]LogConfig: Setting CVar [[r.VT.MaxAnisotropy:8]]
[2022.10.31-06.48.27:196][  0]LogConfig: Setting CVar [[r.Streaming.LimitPoolSizeToVRAM:0]]
[2022.10.31-06.48.27:196][  0]LogConfig: Setting CVar [[r.Streaming.PoolSize:1000]]
[2022.10.31-06.48.27:196][  0]LogConfig: Setting CVar [[r.Streaming.MaxEffectiveScreenSize:0]]
[2022.10.31-06.48.27:196][  0]LogConfig: Applying CVar settings from Section [EffectsQuality@3] File [C:/Users/Administrator/Documents/Unreal Projects/MyUFO/Saved/Config/Windows/Scalability.ini]
[2022.10.31-06.48.27:196][  0]LogConfig: Setting CVar [[r.TranslucencyLightingVolumeDim:64]]
[2022.10.31-06.48.27:196][  0]LogConfig: Setting CVar [[r.RefractionQuality:2]]
[2022.10.31-06.48.27:196][  0]LogConfig: Setting CVar [[r.SSR.Quality:3]]
[2022.10.31-06.48.27:196][  0]LogConfig: Setting CVar [[r.SSR.HalfResSceneColor:0]]
[2022.10.31-06.48.27:196][  0]LogConfig: Setting CVar [[r.SceneColorFormat:4]]
[2022.10.31-06.48.27:196][  0]LogConfig: Setting CVar [[r.DetailMode:2]]
[2022.10.31-06.48.27:196][  0]LogConfig: Setting CVar [[r.TranslucencyVolumeBlur:1]]
[2022.10.31-06.48.27:196][  0]LogConfig: Setting CVar [[r.MaterialQualityLevel:1 ; High quality]]
[2022.10.31-06.48.27:196][  0]LogConfig: Setting CVar [[r.AnisotropicMaterials:1]]
[2022.10.31-06.48.27:196][  0]LogConfig: Setting CVar [[r.SSS.Scale:1]]
[2022.10.31-06.48.27:196][  0]LogConfig: Setting CVar [[r.SSS.SampleSet:2]]
[2022.10.31-06.48.27:197][  0]LogConfig: Setting CVar [[r.SSS.Quality:1]]
[2022.10.31-06.48.27:197][  0]LogConfig: Setting CVar [[r.SSS.HalfRes:0]]
[2022.10.31-06.48.27:197][  0]LogConfig: Setting CVar [[r.SSGI.Quality:3]]
[2022.10.31-06.48.27:197][  0]LogConfig: Setting CVar [[r.EmitterSpawnRateScale:1.0]]
[2022.10.31-06.48.27:197][  0]LogConfig: Setting CVar [[r.ParticleLightQuality:2]]
[2022.10.31-06.48.27:197][  0]LogConfig: Setting CVar [[r.SkyAtmosphere.AerialPerspectiveLUT.FastApplyOnOpaque:1 ; Always have FastSkyLUT 1 in this case to avoid wrong sky]]
[2022.10.31-06.48.27:197][  0]LogConfig: Setting CVar [[r.SkyAtmosphere.AerialPerspectiveLUT.SampleCountMaxPerSlice:4]]
[2022.10.31-06.48.27:197][  0]LogConfig: Setting CVar [[r.SkyAtmosphere.AerialPerspectiveLUT.DepthResolution:16.0]]
[2022.10.31-06.48.27:197][  0]LogConfig: Setting CVar [[r.SkyAtmosphere.FastSkyLUT:1]]
[2022.10.31-06.48.27:197][  0]LogConfig: Setting CVar [[r.SkyAtmosphere.FastSkyLUT.SampleCountMin:4.0]]
[2022.10.31-06.48.27:197][  0]LogConfig: Setting CVar [[r.SkyAtmosphere.FastSkyLUT.SampleCountMax:128.0]]
[2022.10.31-06.48.27:197][  0]LogConfig: Setting CVar [[r.SkyAtmosphere.SampleCountMin:4.0]]
[2022.10.31-06.48.27:197][  0]LogConfig: Setting CVar [[r.SkyAtmosphere.SampleCountMax:128.0]]
[2022.10.31-06.48.27:197][  0]LogConfig: Setting CVar [[r.SkyAtmosphere.TransmittanceLUT.UseSmallFormat:0]]
[2022.10.31-06.48.27:197][  0]LogConfig: Setting CVar [[r.SkyAtmosphere.TransmittanceLUT.SampleCount:10.0]]
[2022.10.31-06.48.27:197][  0]LogConfig: Setting CVar [[r.SkyAtmosphere.MultiScatteringLUT.SampleCount:15.0]]
[2022.10.31-06.48.27:197][  0]LogConfig: Setting CVar [[r.SkyLight.RealTimeReflectionCapture:1]]
[2022.10.31-06.48.27:197][  0]LogConfig: Applying CVar settings from Section [FoliageQuality@3] File [C:/Users/Administrator/Documents/Unreal Projects/MyUFO/Saved/Config/Windows/Scalability.ini]
[2022.10.31-06.48.27:197][  0]LogConfig: Setting CVar [[foliage.DensityScale:1.0]]
[2022.10.31-06.48.27:197][  0]LogConfig: Setting CVar [[grass.DensityScale:1.0]]
[2022.10.31-06.48.27:197][  0]LogConfig: Applying CVar settings from Section [ShadingQuality@3] File [C:/Users/Administrator/Documents/Unreal Projects/MyUFO/Saved/Config/Windows/Scalability.ini]
[2022.10.31-06.48.27:197][  0]LogConfig: Setting CVar [[r.HairStrands.SkyLighting.IntegrationType:2]]
[2022.10.31-06.48.27:197][  0]LogConfig: Setting CVar [[r.HairStrands.SkyAO.SampleCount:4]]
[2022.10.31-06.48.27:197][  0]LogConfig: Setting CVar [[r.HairStrands.Visibility.MSAA.SamplePerPixel:4]]
[2022.10.31-06.48.27:197][  0]LogInit: Selected Device Profile: [Windows]
[2022.10.31-06.48.27:197][  0]LogInit: Applying CVar settings loaded from the selected device profile: [Windows]
[2022.10.31-06.48.27:197][  0]LogHAL: Display: Platform has ~ 16 GB [16864800768 / 17179869184 / 16], which maps to Larger [LargestMinGB=32, LargerMinGB=12, DefaultMinGB=8, SmallerMinGB=6, SmallestMinGB=0)
[2022.10.31-06.48.27:197][  0]LogInit: Going up to parent DeviceProfile []
[2022.10.31-06.48.27:197][  0]LogConfig: Applying CVar settings from Section [ViewDistanceQuality@3] File [C:/Users/Administrator/Documents/Unreal Projects/MyUFO/Saved/Config/Windows/Scalability.ini]
[2022.10.31-06.48.27:197][  0]LogConfig: Setting CVar [[r.SkeletalMeshLODBias:0]]
[2022.10.31-06.48.27:197][  0]LogConfig: Setting CVar [[r.ViewDistanceScale:1.0]]
[2022.10.31-06.48.27:197][  0]LogConfig: Applying CVar settings from Section [AntiAliasingQuality@3] File [C:/Users/Administrator/Documents/Unreal Projects/MyUFO/Saved/Config/Windows/Scalability.ini]
[2022.10.31-06.48.27:197][  0]LogConfig: Setting CVar [[r.PostProcessAAQuality:4]]
[2022.10.31-06.48.27:197][  0]LogConfig: Applying CVar settings from Section [ShadowQuality@3] File [C:/Users/Administrator/Documents/Unreal Projects/MyUFO/Saved/Config/Windows/Scalability.ini]
[2022.10.31-06.48.27:197][  0]LogConfig: Setting CVar [[r.LightFunctionQuality:1]]
[2022.10.31-06.48.27:197][  0]LogConfig: Setting CVar [[r.ShadowQuality:5]]
[2022.10.31-06.48.27:197][  0]LogConfig: Setting CVar [[r.Shadow.CSM.MaxCascades:10]]
[2022.10.31-06.48.27:197][  0]LogConfig: Setting CVar [[r.Shadow.MaxResolution:2048]]
[2022.10.31-06.48.27:197][  0]LogConfig: Setting CVar [[r.Shadow.MaxCSMResolution:2048]]
[2022.10.31-06.48.27:197][  0]LogConfig: Setting CVar [[r.Shadow.RadiusThreshold:0.01]]
[2022.10.31-06.48.27:197][  0]LogConfig: Setting CVar [[r.Shadow.DistanceScale:1.0]]
[2022.10.31-06.48.27:197][  0]LogConfig: Setting CVar [[r.Shadow.CSM.TransitionScale:1.0]]
[2022.10.31-06.48.27:197][  0]LogConfig: Setting CVar [[r.Shadow.PreShadowResolutionFactor:1.0]]
[2022.10.31-06.48.27:197][  0]LogConfig: Setting CVar [[r.DistanceFieldShadowing:1]]
[2022.10.31-06.48.27:197][  0]LogConfig: Setting CVar [[r.DistanceFieldAO:1]]
[2022.10.31-06.48.27:197][  0]LogConfig: Setting CVar [[r.AOQuality:2]]
[2022.10.31-06.48.27:197][  0]LogConfig: Setting CVar [[r.VolumetricFog:1]]
[2022.10.31-06.48.27:197][  0]LogConfig: Setting CVar [[r.VolumetricFog.GridPixelSize:8]]
[2022.10.31-06.48.27:197][  0]LogConfig: Setting CVar [[r.VolumetricFog.GridSizeZ:128]]
[2022.10.31-06.48.27:197][  0]LogConfig: Setting CVar [[r.VolumetricFog.HistoryMissSupersampleCount:4]]
[2022.10.31-06.48.27:197][  0]LogConfig: Setting CVar [[r.LightMaxDrawDistanceScale:1]]
[2022.10.31-06.48.27:197][  0]LogConfig: Setting CVar [[r.CapsuleShadows:1]]
[2022.10.31-06.48.27:197][  0]LogConfig: Applying CVar settings from Section [PostProcessQuality@3] File [C:/Users/Administrator/Documents/Unreal Projects/MyUFO/Saved/Config/Windows/Scalability.ini]
[2022.10.31-06.48.27:197][  0]LogConfig: Setting CVar [[r.MotionBlurQuality:4]]
[2022.10.31-06.48.27:197][  0]LogConfig: Setting CVar [[r.AmbientOcclusionMipLevelFactor:0.4]]
[2022.10.31-06.48.27:197][  0]LogConfig: Setting CVar [[r.AmbientOcclusionMaxQuality:100]]
[2022.10.31-06.48.27:197][  0]LogConfig: Setting CVar [[r.AmbientOcclusionLevels:-1]]
[2022.10.31-06.48.27:197][  0]LogConfig: Setting CVar [[r.AmbientOcclusionRadiusScale:1.0]]
[2022.10.31-06.48.27:197][  0]LogConfig: Setting CVar [[r.DepthOfFieldQuality:2]]
[2022.10.31-06.48.27:197][  0]LogConfig: Setting CVar [[r.RenderTargetPoolMin:400]]
[2022.10.31-06.48.27:197][  0]LogConfig: Setting CVar [[r.LensFlareQuality:2]]
[2022.10.31-06.48.27:197][  0]LogConfig: Setting CVar [[r.SceneColorFringeQuality:1]]
[2022.10.31-06.48.27:197][  0]LogConfig: Setting CVar [[r.EyeAdaptationQuality:2]]
[2022.10.31-06.48.27:197][  0]LogConfig: Setting CVar [[r.BloomQuality:5]]
[2022.10.31-06.48.27:197][  0]LogConfig: Setting CVar [[r.FastBlurThreshold:100]]
[2022.10.31-06.48.27:197][  0]LogConfig: Setting CVar [[r.Upscale.Quality:3]]
[2022.10.31-06.48.27:197][  0]LogConfig: Setting CVar [[r.Tonemapper.GrainQuantization:1]]
[2022.10.31-06.48.27:197][  0]LogConfig: Setting CVar [[r.LightShaftQuality:1]]
[2022.10.31-06.48.27:198][  0]LogConfig: Setting CVar [[r.Filter.SizeScale:1]]
[2022.10.31-06.48.27:198][  0]LogConfig: Setting CVar [[r.Tonemapper.Quality:5]]
[2022.10.31-06.48.27:198][  0]LogConfig: Setting CVar [[r.DOF.Gather.AccumulatorQuality:1        ; higher gathering accumulator quality]]
[2022.10.31-06.48.27:198][  0]LogConfig: Setting CVar [[r.DOF.Gather.PostfilterMethod:1          ; Median3x3 postfilering method]]
[2022.10.31-06.48.27:198][  0]LogConfig: Setting CVar [[r.DOF.Gather.EnableBokehSettings:0       ; no bokeh simulation when gathering]]
[2022.10.31-06.48.27:198][  0]LogConfig: Setting CVar [[r.DOF.Gather.RingCount:4                 ; medium number of samples when gathering]]
[2022.10.31-06.48.27:198][  0]LogConfig: Setting CVar [[r.DOF.Scatter.ForegroundCompositing:1    ; additive foreground scattering]]
[2022.10.31-06.48.27:198][  0]LogConfig: Setting CVar [[r.DOF.Scatter.BackgroundCompositing:2    ; additive background scattering]]
[2022.10.31-06.48.27:198][  0]LogConfig: Setting CVar [[r.DOF.Scatter.EnableBokehSettings:1      ; bokeh simulation when scattering]]
[2022.10.31-06.48.27:198][  0]LogConfig: Setting CVar [[r.DOF.Scatter.MaxSpriteRatio:0.1         ; only a maximum of 10% of scattered bokeh]]
[2022.10.31-06.48.27:198][  0]LogConfig: Setting CVar [[r.DOF.Recombine.Quality:1                ; cheap slight out of focus]]
[2022.10.31-06.48.27:198][  0]LogConfig: Setting CVar [[r.DOF.Recombine.EnableBokehSettings:0    ; no bokeh simulation on slight out of focus]]
[2022.10.31-06.48.27:198][  0]LogConfig: Setting CVar [[r.DOF.TemporalAAQuality:1                ; more stable temporal accumulation]]
[2022.10.31-06.48.27:198][  0]LogConfig: Setting CVar [[r.DOF.Kernel.MaxForegroundRadius:0.025]]
[2022.10.31-06.48.27:198][  0]LogConfig: Setting CVar [[r.DOF.Kernel.MaxBackgroundRadius:0.025]]
[2022.10.31-06.48.27:198][  0]LogConfig: Applying CVar settings from Section [TextureQuality@3] File [C:/Users/Administrator/Documents/Unreal Projects/MyUFO/Saved/Config/Windows/Scalability.ini]
[2022.10.31-06.48.27:198][  0]LogConfig: Setting CVar [[r.Streaming.MipBias:0]]
[2022.10.31-06.48.27:198][  0]LogConfig: Setting CVar [[r.Streaming.AmortizeCPUToGPUCopy:0]]
[2022.10.31-06.48.27:198][  0]LogConfig: Setting CVar [[r.Streaming.MaxNumTexturesToStreamPerFrame:0]]
[2022.10.31-06.48.27:198][  0]LogConfig: Setting CVar [[r.Streaming.Boost:1]]
[2022.10.31-06.48.27:198][  0]LogConfig: Setting CVar [[r.MaxAnisotropy:8]]
[2022.10.31-06.48.27:198][  0]LogConfig: Setting CVar [[r.VT.MaxAnisotropy:8]]
[2022.10.31-06.48.27:198][  0]LogConfig: Setting CVar [[r.Streaming.LimitPoolSizeToVRAM:0]]
[2022.10.31-06.48.27:198][  0]LogConfig: Setting CVar [[r.Streaming.PoolSize:1000]]
[2022.10.31-06.48.27:198][  0]LogConfig: Setting CVar [[r.Streaming.MaxEffectiveScreenSize:0]]
[2022.10.31-06.48.27:198][  0]LogConfig: Applying CVar settings from Section [EffectsQuality@3] File [C:/Users/Administrator/Documents/Unreal Projects/MyUFO/Saved/Config/Windows/Scalability.ini]
[2022.10.31-06.48.27:198][  0]LogConfig: Setting CVar [[r.TranslucencyLightingVolumeDim:64]]
[2022.10.31-06.48.27:198][  0]LogConfig: Setting CVar [[r.RefractionQuality:2]]
[2022.10.31-06.48.27:198][  0]LogConfig: Setting CVar [[r.SSR.Quality:3]]
[2022.10.31-06.48.27:198][  0]LogConfig: Setting CVar [[r.SSR.HalfResSceneColor:0]]
[2022.10.31-06.48.27:198][  0]LogConfig: Setting CVar [[r.SceneColorFormat:4]]
[2022.10.31-06.48.27:198][  0]LogConfig: Setting CVar [[r.DetailMode:2]]
[2022.10.31-06.48.27:198][  0]LogConfig: Setting CVar [[r.TranslucencyVolumeBlur:1]]
[2022.10.31-06.48.27:198][  0]LogConfig: Setting CVar [[r.MaterialQualityLevel:1 ; High quality]]
[2022.10.31-06.48.27:198][  0]LogConfig: Setting CVar [[r.AnisotropicMaterials:1]]
[2022.10.31-06.48.27:198][  0]LogConfig: Setting CVar [[r.SSS.Scale:1]]
[2022.10.31-06.48.27:198][  0]LogConfig: Setting CVar [[r.SSS.SampleSet:2]]
[2022.10.31-06.48.27:198][  0]LogConfig: Setting CVar [[r.SSS.Quality:1]]
[2022.10.31-06.48.27:198][  0]LogConfig: Setting CVar [[r.SSS.HalfRes:0]]
[2022.10.31-06.48.27:198][  0]LogConfig: Setting CVar [[r.SSGI.Quality:3]]
[2022.10.31-06.48.27:198][  0]LogConfig: Setting CVar [[r.EmitterSpawnRateScale:1.0]]
[2022.10.31-06.48.27:198][  0]LogConfig: Setting CVar [[r.ParticleLightQuality:2]]
[2022.10.31-06.48.27:198][  0]LogConfig: Setting CVar [[r.SkyAtmosphere.AerialPerspectiveLUT.FastApplyOnOpaque:1 ; Always have FastSkyLUT 1 in this case to avoid wrong sky]]
[2022.10.31-06.48.27:198][  0]LogConfig: Setting CVar [[r.SkyAtmosphere.AerialPerspectiveLUT.SampleCountMaxPerSlice:4]]
[2022.10.31-06.48.27:198][  0]LogConfig: Setting CVar [[r.SkyAtmosphere.AerialPerspectiveLUT.DepthResolution:16.0]]
[2022.10.31-06.48.27:198][  0]LogConfig: Setting CVar [[r.SkyAtmosphere.FastSkyLUT:1]]
[2022.10.31-06.48.27:198][  0]LogConfig: Setting CVar [[r.SkyAtmosphere.FastSkyLUT.SampleCountMin:4.0]]
[2022.10.31-06.48.27:198][  0]LogConfig: Setting CVar [[r.SkyAtmosphere.FastSkyLUT.SampleCountMax:128.0]]
[2022.10.31-06.48.27:198][  0]LogConfig: Setting CVar [[r.SkyAtmosphere.SampleCountMin:4.0]]
[2022.10.31-06.48.27:198][  0]LogConfig: Setting CVar [[r.SkyAtmosphere.SampleCountMax:128.0]]
[2022.10.31-06.48.27:198][  0]LogConfig: Setting CVar [[r.SkyAtmosphere.TransmittanceLUT.UseSmallFormat:0]]
[2022.10.31-06.48.27:198][  0]LogConfig: Setting CVar [[r.SkyAtmosphere.TransmittanceLUT.SampleCount:10.0]]
[2022.10.31-06.48.27:198][  0]LogConfig: Setting CVar [[r.SkyAtmosphere.MultiScatteringLUT.SampleCount:15.0]]
[2022.10.31-06.48.27:198][  0]LogConfig: Setting CVar [[r.SkyLight.RealTimeReflectionCapture:1]]
[2022.10.31-06.48.27:198][  0]LogConfig: Applying CVar settings from Section [FoliageQuality@3] File [C:/Users/Administrator/Documents/Unreal Projects/MyUFO/Saved/Config/Windows/Scalability.ini]
[2022.10.31-06.48.27:198][  0]LogConfig: Setting CVar [[foliage.DensityScale:1.0]]
[2022.10.31-06.48.27:198][  0]LogConfig: Setting CVar [[grass.DensityScale:1.0]]
[2022.10.31-06.48.27:198][  0]LogConfig: Applying CVar settings from Section [ShadingQuality@3] File [C:/Users/Administrator/Documents/Unreal Projects/MyUFO/Saved/Config/Windows/Scalability.ini]
[2022.10.31-06.48.27:198][  0]LogConfig: Setting CVar [[r.HairStrands.SkyLighting.IntegrationType:2]]
[2022.10.31-06.48.27:198][  0]LogConfig: Setting CVar [[r.HairStrands.SkyAO.SampleCount:4]]
[2022.10.31-06.48.27:198][  0]LogConfig: Setting CVar [[r.HairStrands.Visibility.MSAA.SamplePerPixel:4]]
[2022.10.31-06.48.27:198][  0]LogConfig: Applying CVar settings from Section [Startup] File [../../../Engine/Config/ConsoleVariables.ini]
[2022.10.31-06.48.27:199][  0]LogConfig: Setting CVar [[net.UseAdaptiveNetUpdateFrequency:0]]
[2022.10.31-06.48.27:199][  0]LogConfig: Setting CVar [[p.chaos.AllowCreatePhysxBodies:1]]
[2022.10.31-06.48.27:199][  0]LogConfig: Setting CVar [[fx.SkipVectorVMBackendOptimizations:1]]
[2022.10.31-06.48.27:199][  0]LogConfig: Applying CVar settings from Section [ConsoleVariables] File [C:/Users/Administrator/Documents/Unreal Projects/MyUFO/Saved/Config/Windows/Engine.ini]
[2022.10.31-06.48.27:199][  0]LogConfig: Applying CVar settings from Section [ConsoleVariables] File [C:/Users/Administrator/Documents/Unreal Projects/MyUFO/Saved/Config/Windows/Editor.ini]
[2022.10.31-06.48.27:199][  0]LogInit: Computer: EC2AMAZ-J3602V0
[2022.10.31-06.48.27:199][  0]LogInit: User: Administrator
[2022.10.31-06.48.27:199][  0]LogInit: CPU Page size=4096, Cores=2
[2022.10.31-06.48.27:199][  0]LogInit: High frequency timer resolution =10.000000 MHz
[2022.10.31-06.48.27:199][  0]LogMemory: Memory total: Physical=15.7GB (16GB approx)
[2022.10.31-06.48.27:199][  0]LogMemory: Platform Memory Stats for Windows
[2022.10.31-06.48.27:199][  0]LogMemory: Process Physical Memory: 142.95 MB used, 142.95 MB peak
[2022.10.31-06.48.27:199][  0]LogMemory: Process Virtual Memory: 131.61 MB used, 131.61 MB peak
[2022.10.31-06.48.27:199][  0]LogMemory: Physical Memory: 6470.09 MB used,  9613.43 MB free, 16083.53 MB total
[2022.10.31-06.48.27:199][  0]LogMemory: Virtual Memory: 134207488.00 MB used,  10241.17 MB free, 134217728.00 MB total
[2022.10.31-06.48.27:199][  0]LogWindows: WindowsPlatformFeatures enabled
[2022.10.31-06.48.27:216][  0]LogInit: Physics initialised using underlying interface: PhysX
[2022.10.31-06.48.27:217][  0]LogInit: Using OS detected language (zh-CN).
[2022.10.31-06.48.27:217][  0]LogInit: Using OS detected locale (zh-CN).
[2022.10.31-06.48.27:220][  0]LogTextLocalizationManager: No specific localization for 'zh-CN' exists, so the 'zh-Hans' localization will be used.
[2022.10.31-06.48.27:361][  0]LogTextLocalizationResource: LocRes '../../../Engine/Content/Localization/Editor/zh/Editor.locres' could not be opened for reading!
[2022.10.31-06.48.27:361][  0]LogTextLocalizationResource: LocRes '../../../Engine/Content/Localization/EditorTutorials/zh/EditorTutorials.locres' could not be opened for reading!
[2022.10.31-06.48.27:361][  0]LogTextLocalizationResource: LocRes '../../../Engine/Content/Localization/Keywords/zh/Keywords.locres' could not be opened for reading!
[2022.10.31-06.48.27:361][  0]LogTextLocalizationResource: LocRes '../../../Engine/Content/Localization/Category/zh/Category.locres' could not be opened for reading!
[2022.10.31-06.48.27:361][  0]LogTextLocalizationResource: LocRes '../../../Engine/Content/Localization/ToolTips/zh/ToolTips.locres' could not be opened for reading!
[2022.10.31-06.48.27:361][  0]LogTextLocalizationResource: LocRes '../../../Engine/Content/Localization/PropertyNames/zh/PropertyNames.locres' could not be opened for reading!
[2022.10.31-06.48.27:361][  0]LogTextLocalizationResource: LocRes '../../../Engine/Content/Localization/Engine/zh/Engine.locres' could not be opened for reading!
[2022.10.31-06.48.27:361][  0]LogTextLocalizationResource: LocRes '../../../Engine/Plugins/Online/OnlineSubsystem/Content/Localization/OnlineSubsystem/zh/OnlineSubsystem.locres' could not be opened for reading!
[2022.10.31-06.48.27:361][  0]LogTextLocalizationResource: LocRes '../../../Engine/Plugins/Online/OnlineSubsystemUtils/Content/Localization/OnlineSubsystemUtils/zh/OnlineSubsystemUtils.locres' could not be opened for reading!
[2022.10.31-06.48.27:361][  0]LogTextLocalizationResource: LocRes '../../../Engine/Plugins/Online/Android/OnlineSubsystemGooglePlay/Content/Localization/OnlineSubsystemGooglePlay/zh/OnlineSubsystemGooglePlay.locres' could not be opened for reading!
[2022.10.31-06.48.27:361][  0]LogTextLocalizationResource: LocRes '../../../Engine/Plugins/Online/IOS/OnlineSubsystemIOS/Content/Localization/OnlineSubsystemIOS/zh/OnlineSubsystemIOS.locres' could not be opened for reading!
[2022.10.31-06.48.27:435][  0]LogInit: Setting process to per monitor DPI aware
[2022.10.31-06.48.27:447][  0]LogWindowsTextInputMethodSystem: Display: IME system deactivated.
[2022.10.31-06.48.27:462][  0]LogSlate: New Slate User Created.  User Index 0, Is Virtual User: 0
[2022.10.31-06.48.27:462][  0]LogSlate: Slate User Registered.  User Index 0, Is Virtual User: 0
[2022.10.31-06.48.27:621][  0]LogD3D11RHI: Creating new Direct3DDevice
[2022.10.31-06.48.27:621][  0]LogD3D11RHI:     GPU DeviceId: 0x1eb8 (for the marketing name, search the web for "GPU Device Id")
[2022.10.31-06.48.27:621][  0]LogWindows: EnumDisplayDevices:
[2022.10.31-06.48.27:621][  0]LogWindows:    0. 'NVIDIA Tesla T4' (P:1 D:1)
[2022.10.31-06.48.27:621][  0]LogWindows:    1. 'NVIDIA Tesla T4' (P:0 D:0)
[2022.10.31-06.48.27:621][  0]LogWindows:    2. 'NVIDIA Tesla T4' (P:0 D:0)
[2022.10.31-06.48.27:622][  0]LogWindows:    3. 'NVIDIA Tesla T4' (P:0 D:0)
[2022.10.31-06.48.27:622][  0]LogWindows:    4. 'NVIDIA Tesla T4' (P:0 D:0)
[2022.10.31-06.48.27:622][  0]LogWindows:    5. 'NVIDIA Tesla T4' (P:0 D:0)
[2022.10.31-06.48.27:622][  0]LogWindows:    6. 'NVIDIA Tesla T4' (P:0 D:0)
[2022.10.31-06.48.27:622][  0]LogWindows:    7. 'NVIDIA Tesla T4' (P:0 D:0)
[2022.10.31-06.48.27:622][  0]LogWindows:    8. 'NVIDIA Tesla T4' (P:0 D:0)
[2022.10.31-06.48.27:622][  0]LogWindows:    9. 'NVIDIA Tesla T4' (P:0 D:0)
[2022.10.31-06.48.27:622][  0]LogWindows:    10. 'NVIDIA Tesla T4' (P:0 D:0)
[2022.10.31-06.48.27:622][  0]LogWindows:    11. 'NVIDIA Tesla T4' (P:0 D:0)
[2022.10.31-06.48.27:622][  0]LogWindows:    12. 'NVIDIA Tesla T4' (P:0 D:0)
[2022.10.31-06.48.27:622][  0]LogWindows:    13. 'NVIDIA Tesla T4' (P:0 D:0)
[2022.10.31-06.48.27:622][  0]LogWindows:    14. 'NVIDIA Tesla T4' (P:0 D:0)
[2022.10.31-06.48.27:623][  0]LogWindows:    15. 'NVIDIA Tesla T4' (P:0 D:0)
[2022.10.31-06.48.27:623][  0]LogWindows: DebugString: PrimaryDriverLocationFailed PrimaryDriverLocationFailed PrimaryDriverLocationFailed PrimaryDriverLocationFailed PrimaryDriverLocationFailed PrimaryDriverLocationFailed PrimaryDriverLocationFailed PrimaryDriverLocationFailed PrimaryDriverLocationFailed PrimaryDriverLocationFailed PrimaryDriverLocationFailed PrimaryDriverLocationFailed PrimaryDriverLocationFailed PrimaryDriverLocationFailed PrimaryDriverLocationFailed PrimaryDriverLocationFailed FoundDriverCount:0 
[2022.10.31-06.48.27:623][  0]LogD3D11RHI:     Adapter Name: NVIDIA Tesla T4
[2022.10.31-06.48.27:623][  0]LogD3D11RHI:   Driver Version: Unknown (internal:Unknown, unified:Unknown)
[2022.10.31-06.48.27:623][  0]LogD3D11RHI:      Driver Date: Unknown
[2022.10.31-06.48.27:623][  0]LogRHI: Texture pool is 10610 MB (70% of 15158 MB)
[2022.10.31-06.48.27:623][  0]LogD3D11RHI: Creating D3DDevice using adapter:
[2022.10.31-06.48.27:623][  0]LogD3D11RHI:     Description : NVIDIA Tesla T4
[2022.10.31-06.48.27:623][  0]LogD3D11RHI:     VendorId    : 10de
[2022.10.31-06.48.27:623][  0]LogD3D11RHI:     DeviceId    : 1eb8
[2022.10.31-06.48.27:623][  0]LogD3D11RHI:     SubSysId    : 12a210de
[2022.10.31-06.48.27:623][  0]LogD3D11RHI:     Revision    : 00a1
[2022.10.31-06.48.27:623][  0]LogD3D11RHI:     DedicatedVideoMemory : 15894437888 bytes
[2022.10.31-06.48.27:623][  0]LogD3D11RHI:     DedicatedSystemMemory : 0 bytes
[2022.10.31-06.48.27:623][  0]LogD3D11RHI:     SharedSystemMemory : 8432400384 bytes
[2022.10.31-06.48.27:623][  0]LogD3D11RHI:     AdapterLuid : 0 20957
[2022.10.31-06.48.27:759][  0]LogD3D11RHI: RHI has support for 64 bit atomics
[2022.10.31-06.48.27:760][  0]LogD3D11RHI: Async texture creation enabled
[2022.10.31-06.48.27:760][  0]LogD3D11RHI: Array index from any shader is supported
[2022.10.31-06.48.27:777][  0]LogD3D11RHI: GPU Timing Frequency: 1000.000000 (Debug: 2 1)
[2022.10.31-06.48.27:823][  0]LogRHI: GeForceNow SDK initialized: 1
[2022.10.31-06.48.28:205][  0]LogTargetPlatformManager: Display: Loaded TargetPlatform 'AllDesktop'
[2022.10.31-06.48.28:231][  0]LogTargetPlatformManager: Display: Loaded TargetPlatform 'Android'
[2022.10.31-06.48.28:231][  0]LogTargetPlatformManager: Display: Loaded TargetPlatform 'Android_ASTC'
[2022.10.31-06.48.28:231][  0]LogTargetPlatformManager: Display: Loaded TargetPlatform 'Android_DXT'
[2022.10.31-06.48.28:231][  0]LogTargetPlatformManager: Display: Loaded TargetPlatform 'Android_ETC2'
[2022.10.31-06.48.28:232][  0]LogTargetPlatformManager: Display: Loaded TargetPlatform 'AndroidClient'
[2022.10.31-06.48.28:232][  0]LogTargetPlatformManager: Display: Loaded TargetPlatform 'Android_ASTCClient'
[2022.10.31-06.48.28:232][  0]LogTargetPlatformManager: Display: Loaded TargetPlatform 'Android_DXTClient'
[2022.10.31-06.48.28:232][  0]LogTargetPlatformManager: Display: Loaded TargetPlatform 'Android_ETC2Client'
[2022.10.31-06.48.28:232][  0]LogTargetPlatformManager: Display: Loaded TargetPlatform 'Android_Multi'
[2022.10.31-06.48.28:232][  0]LogTargetPlatformManager: Display: Loaded TargetPlatform 'Android_MultiClient'
[2022.10.31-06.48.28:252][  0]LogTargetPlatformManager: Display: Loaded TargetPlatform 'IOSClient'
[2022.10.31-06.48.28:252][  0]LogTargetPlatformManager: Display: Loaded TargetPlatform 'IOS'
[2022.10.31-06.48.28:264][  0]LogTargetPlatformManager: Display: Loaded TargetPlatform 'Linux'
[2022.10.31-06.48.28:268][  0]LogTargetPlatformManager: Display: Loaded TargetPlatform 'LinuxNoEditor'
[2022.10.31-06.48.28:273][  0]LogTargetPlatformManager: Display: Loaded TargetPlatform 'LinuxClient'
[2022.10.31-06.48.28:278][  0]LogTargetPlatformManager: Display: Loaded TargetPlatform 'LinuxServer'
[2022.10.31-06.48.28:289][  0]LogTargetPlatformManager: Display: Loaded TargetPlatform 'LinuxAArch64NoEditor'
[2022.10.31-06.48.28:294][  0]LogTargetPlatformManager: Display: Loaded TargetPlatform 'LinuxAArch64Client'
[2022.10.31-06.48.28:299][  0]LogTargetPlatformManager: Display: Loaded TargetPlatform 'LinuxAArch64Server'
[2022.10.31-06.48.28:332][  0]LogTargetPlatformManager: Display: Loaded TargetPlatform 'Lumin'
[2022.10.31-06.48.28:332][  0]LogTargetPlatformManager: Display: Loaded TargetPlatform 'LuminClient'
[2022.10.31-06.48.28:343][  0]LogTargetPlatformManager: Display: Loaded TargetPlatform 'MacNoEditor'
[2022.10.31-06.48.28:347][  0]LogTargetPlatformManager: Display: Loaded TargetPlatform 'Mac'
[2022.10.31-06.48.28:352][  0]LogTargetPlatformManager: Display: Loaded TargetPlatform 'MacClient'
[2022.10.31-06.48.28:356][  0]LogTargetPlatformManager: Display: Loaded TargetPlatform 'MacServer'
[2022.10.31-06.48.28:369][  0]LogTargetPlatformManager: Display: Loaded TargetPlatform 'TVOSClient'
[2022.10.31-06.48.28:369][  0]LogTargetPlatformManager: Display: Loaded TargetPlatform 'TVOS'
[2022.10.31-06.48.28:379][  0]LogTargetPlatformManager: Display: Loaded TargetPlatform 'WindowsNoEditor'
[2022.10.31-06.48.28:384][  0]LogTargetPlatformManager: Display: Loaded TargetPlatform 'Windows'
[2022.10.31-06.48.28:388][  0]LogTargetPlatformManager: Display: Loaded TargetPlatform 'WindowsClient'
[2022.10.31-06.48.28:393][  0]LogTargetPlatformManager: Display: Loaded TargetPlatform 'WindowsServer'
[2022.10.31-06.48.28:393][  0]LogTargetPlatformManager: Display: Building Assets For Windows
[2022.10.31-06.48.28:406][  0]LogAudioDebug: Display: Lib vorbis DLL was dynamically loaded.
[2022.10.31-06.48.28:434][  0]LogTextureFormatOodle: Display: Oodle Texture 2.9.0 init RDO Off
[2022.10.31-06.48.28:464][  0]LogRendererCore: Ray tracing is disabled. Reason: r.RayTracing=0.
[2022.10.31-06.48.28:464][  0]LogShaderCompilers: Guid format shader working directory is -13 characters bigger than the processId version (../../../../../../Users/Administrator/Documents/Unreal Projects/MyUFO/Intermediate/Shaders/WorkingDirectory/3100/).
[2022.10.31-06.48.28:464][  0]LogShaderCompilers: Cleaned the shader compiler working directory 'C:/Users/Administrator/AppData/Local/Temp/2/UnrealShaderWorkingDir/A2BCACEB496744741263949BD0C53418/'.
[2022.10.31-06.48.28:464][  0]LogXGEController: Cannot use XGE Controller as Incredibuild is not installed on this machine.
[2022.10.31-06.48.28:464][  0]LogShaderCompilers: Cannot use XGE Shader Compiler as Incredibuild is not installed on this machine.
[2022.10.31-06.48.28:464][  0]LogShaderCompilers: Display: Using Local Shader Compiler.
[2022.10.31-06.48.29:459][  0]LogDerivedDataCache: Display: Max Cache Size: 512 MB
[2022.10.31-06.48.29:549][  0]LogDerivedDataCache: Loaded boot cache 0.09s 122MB C:/Users/Administrator/AppData/Local/UnrealEngine/4.27/DerivedDataCache/Boot.ddc.
[2022.10.31-06.48.29:549][  0]LogDerivedDataCache: Display: Loaded Boot cache: C:/Users/Administrator/AppData/Local/UnrealEngine/4.27/DerivedDataCache/Boot.ddc
[2022.10.31-06.48.29:549][  0]LogDerivedDataCache: FDerivedDataBackendGraph:  Pak pak cache file ../../../../../../Users/Administrator/Documents/Unreal Projects/MyUFO/DerivedDataCache/DDC.ddp not found, will not use a pak cache.
[2022.10.31-06.48.29:549][  0]LogDerivedDataCache: Unable to find inner node Pak for hierarchical cache Hierarchy.
[2022.10.31-06.48.29:549][  0]LogDerivedDataCache: FDerivedDataBackendGraph:  CompressedPak pak cache file ../../../../../../Users/Administrator/Documents/Unreal Projects/MyUFO/DerivedDataCache/Compressed.ddp not found, will not use a pak cache.
[2022.10.31-06.48.29:549][  0]LogDerivedDataCache: Unable to find inner node CompressedPak for hierarchical cache Hierarchy.
[2022.10.31-06.48.29:570][  0]LogDerivedDataCache: Display: Pak cache opened for reading ../../../Engine/DerivedDataCache/Compressed.ddp.
[2022.10.31-06.48.29:570][  0]LogDerivedDataCache: FDerivedDataBackendGraph:  EnterprisePak pak cache file ../../../Enterprise/DerivedDataCache/Compressed.ddp not found, will not use a pak cache.
[2022.10.31-06.48.29:570][  0]LogDerivedDataCache: Unable to find inner node EnterprisePak for hierarchical cache Hierarchy.
[2022.10.31-06.48.29:582][  0]LogDerivedDataCache: Speed tests for C:/Users/Administrator/AppData/Local/UnrealEngine/Common/DerivedDataCache took 0.01 seconds
[2022.10.31-06.48.29:582][  0]LogDerivedDataCache: Display: Performance to C:/Users/Administrator/AppData/Local/UnrealEngine/Common/DerivedDataCache: Latency=0.02ms. RandomReadSpeed=279.52MBs, RandomWriteSpeed=111.18MBs. Assigned SpeedClass 'Local'
[2022.10.31-06.48.29:583][  0]LogDerivedDataCache: Using Local data cache path C:/Users/Administrator/AppData/Local/UnrealEngine/Common/DerivedDataCache: Writable
[2022.10.31-06.48.29:583][  0]LogDerivedDataCache: Shared data cache path not found in *engine.ini, will not use an Shared cache.
[2022.10.31-06.48.29:583][  0]LogDerivedDataCache: Unable to find inner node Shared for hierarchical cache Hierarchy.
[2022.10.31-06.48.29:645][  0]LogSlate: Using FreeType 2.10.0
[2022.10.31-06.48.29:646][  0]LogSlate: SlateFontServices - WITH_FREETYPE: 1, WITH_HARFBUZZ: 1
[2022.10.31-06.48.29:683][  0]LogAssetRegistry: FAssetRegistry took 0.0036 seconds to start up
[2022.10.31-06.48.30:012][  0]LogInit: Selected Device Profile: [Windows]
[2022.10.31-06.48.30:012][  0]LogInit: Active device profile: [00000161716B6D00][000001616A4E5B80 49] Windows
[2022.10.31-06.48.30:012][  0]LogInit: Profiles: [00000161716B6D00][000001616A4E5B80 49] Windows, [0000016171655D00][000001617079C180 49] WindowsNoEditor, [00000161716B7C00][000001616CC70300 49] WindowsServer, [0000016171656A00][000001616CC74480 49] WindowsClient, [00000161716B5800][000001615F9A2600 49] IOS, [0000016171655300][000001615F9A6780 49] iPadAir, [00000161716B6500][000001615F9AA900 49] iPadAir2, [000001617160D300][000001616F0BABC0 49] IPadPro, [000001617160D400][000001616F0B6C00 49] iPadAir3, [0000016171657A00][000001616CC90D40 49] iPadAir4, [000001617160E100][000001616F0BEE80 49] iPadMini2, [0000016171656F00][0000016170766FC0 49] iPadMini3, [000001617160EC00][000001617076B100 49] iPadMini4, [0000016171655E00][000001616DCFF280 49] iPadMini5, [0000016171614C00][000001616DD07540 49] iPhone6, [0000016171614D00][000001616DD03580 49] iPodTouch6, [00000161716B5B00][000001616DD0F840 49] iPhone7, [00000161716B5A00][000001616DD0B880 49] iPodTouch7, [000001617160D100][000001616DD13A00 49] iPhone5S, [00000161716B5500][000001616DD17B80 49] iPhone6Plus, [0000016171614100][000001616DD1A180 49] iPhone6S, [000001617160C800][000001615F94E300 49] iPhone6SPlus, [0000016171617E00][000001615F952480 49] iPhone7Plus, [000001617160CF00][000001615F956600 49] iPhoneSE, [0000016171617800][000001615F95A780 49] iPhone8, [000001617160F600][000001615F95E900 49] iPhone8Plus, [0000016171616400][000001615F962A80 49] iPhoneX, [000001617160D900][000001615F966C00 49] iPhoneXS, [0000016171616F00][000001615F96AD80 49] iPhoneXSMax, [00000161716B4300][000001615F96EF00 49] iPhoneXR, [0000016171615100][000001617076F040 49] iPhone11, [00000161716B5200][000001615F973180 49] iPhone11Pro, [0000016171617A00][000001616DC7F2C0 49] iPhone11ProMax, [00000161716B6C00][000001616DC87440 49] iPhoneSE2, [0000016171615600][000001616DC8B5C0 49] iPhone12Mini, [00000161716B7400][000001616DC8F740 49] iPhone12, [0000016171617600][000001616DC938C0 49] iPhone12Pro, [00000161716B4700][000001616DC97A40 49] iPhone12ProMax, [0000016171616100][000001616DC9BBC0 49] iPadPro105, [00000161716B6A00][000001616DC9E1C0 49] iPadPro129, [0000016171615400][000001616DCA2340 49] iPadPro97, [00000161716B6000][000001616EFD84C0 49] iPadPro2_129, [0000016171614500][000001616EFDC640 49] iPad5, [00000161716B6F00][000001616EFE07C0 49] iPad6, [0000016171617000][000001616EFE4940 49] iPad7, [00000161716B5E00][000001616EFE8AC0 49] iPad8, [0000016171617300][000001616EFECC40 49] iPadPro11, [00000161716B4A00][000001616EFF0DC0 49] iPadPro2_11, [0000016171614B00][000001616EFF4F40 49] iPadPro3_129, [00000161716B4F00][000001616EFF90C0 49] iPadPro4_129, [0000016171615D00][000001616DC83200 49] AppleTV, [00000161716B7600][000001616EFFD340 49] AppleTV4K, [0000016171615F00][000001616F001480 49] TVOS, [00000161716B4400][000001616F0055C0 49] Mac, [0000016171616500][000001616F00D740 49] MacClient, [00000161716B4200][000001616F0118C0 49] MacNoEditor, [0000016171614E00][000001616F271A40 49] MacServer, [00000161716B6B00][000001616F275BC0 49] Linux, [0000016171616300][000001616F2781C0 49] LinuxAArch64, [00000161716B5C00][000001616F27C340 49] LinuxNoEditor, [0000016171614700][000001616F2804C0 49] LinuxAArch64NoEditor, [00000161716B5600][000001616F284640 49] LinuxClient, [0000016171614900][000001616F2887C0 49] LinuxAArch64Client, [00000161716B6200][000001616F28C940 49] LinuxServer, [0000016171617400][000001616F290AC0 49] LinuxAArch64Server, [00000161716B7900][000001616F294C40 49] Android, [0000016171616B00][000001616F298DC0 49] Android_Low, [00000161716B5400][000001616F29CF40 49] Android_Mid, [0000016171616600][000001616F2A10C0 49] Android_High, [00000161716B4B00][000001616F2A5240 49] Android_Default, [0000016171616D00][000001616F009380 49] Android_Adreno4xx, [00000161716B4600][000001616F2A94C0 49] Android_Adreno5xx_Low, [0000016171616E00][000001616A3ED600 49] Android_Adreno5xx, [00000161716B7500][000001616A3F1740 49] Android_Adreno6xx, [0000016171615E00][000001616A3F98C0 49] Android_Adreno6xx_Vulkan, [0000016171657D00][000001616A3FDA40 49] Android_Mali_T6xx, [000001617160D800][000001616A401BC0 49] Android_Mali_T7xx, [0000016171657C00][000001616A4041C0 49] Android_Mali_T8xx, [000001617160DA00][000001616A408340 49] Android_Mali_G71, [0000016171656000][000001616A40C4C0 49] Android_Mali_G72, [000001617160FB00][000001616A410640 49] Android_Mali_G72_Vulkan, [0000016171655A00][000001616A4147C0 49] Android_Mali_G76, [000001617160C500][000001616A418940 49] Android_Mali_G76_Vulkan, [0000016171654600][000001616A41CAC0 49] Android_Mali_G77, [000001617160F700][000001616A420C40 49] Android_Mali_G77_Vulkan, [0000016171654200][000001616A424DC0 49] Android_Mali_G78, [000001617160F400][000001616A428F40 49] Android_Mali_G78_Vulkan, [0000016171656D00][000001616A42D0C0 49] Android_Mali_G710, [000001617160EF00][000001616A431240 49] Android_Mali_G710_Vulkan, [0000016171657400][000001616A4353C0 49] Android_Vulkan_SM5, [000001617160CE00][000001616A439540 49] Android_PowerVR_G6xxx, [0000016171656600][000001616A3F5680 49] Android_PowerVR_GT7xxx, [000001617160C200][000001616F2E97C0 49] Android_PowerVR_GE8xxx, [0000016171655600][000001616F2ED900 49] Android_PowerVR_GM9xxx, [000001617160DE00][000001616F2F5A80 49] Android_PowerVR_GM9xxx_Vulkan, [0000016171657700][000001616F2F9C00 49] Android_TegraK1, [000001617160E000][000001616F2FC200 49] Android_Unknown_Vulkan, [0000016171654C00][000001616F300380 49] Lumin, [000001617160C600][000001616F304500 49] Lumin_Desktop, [0000016171617100][000001616F308680 49] HoloLens, 
[2022.10.31-06.48.30:161][  0]LogMeshReduction: Using QuadricMeshReduction for automatic static mesh reduction
[2022.10.31-06.48.30:161][  0]LogMeshReduction: Using SimplygonMeshReduction for automatic skeletal mesh reduction
[2022.10.31-06.48.30:161][  0]LogMeshReduction: Using ProxyLODMeshReduction for automatic mesh merging
[2022.10.31-06.48.30:161][  0]LogMeshReduction: No distributed automatic mesh merging module available
[2022.10.31-06.48.30:161][  0]LogMeshMerging: No distributed automatic mesh merging module available
[2022.10.31-06.48.30:177][  0]LogNetVersion: MyUFO 1.0.0, NetCL: 17155196, EngineNetVer: 17, GameNetVer: 0 (Checksum: 2152509991)
[2022.10.31-06.48.30:677][  0]LogTexture: Default maximum texture size for cubemaps generated from long-lat sources has been changed from 512 to unlimited. In order to preserve old behaiour for '/Engine/MapTemplates/Sky/DaylightAmbientCubemap.DaylightAmbientCubemap', its maximum texture size has been explicitly set to 512.
[2022.10.31-06.48.30:753][  0]LogHMD: PokeAHoleMaterial loaded successfully
[2022.10.31-06.48.30:762][  0]LogUObjectArray: 17178 objects as part of root set at end of initial load.
[2022.10.31-06.48.30:762][  0]LogUObjectAllocator: 4302048 out of 0 bytes used by permanent object pool.
[2022.10.31-06.48.30:762][  0]LogUObjectArray: CloseDisregardForGC: 0/0 objects in disregard for GC pool
[2022.10.31-06.48.31:046][  0]LogNiagaraDebuggerClient: Niagara Debugger Client Initialized | Session: 8FE664A6497C31040284708EA617F9B7 | Instance: 4A0715C24FB098A8E74508871FFB64C8 (EC2AMAZ-J3602V0-3100).
[2022.10.31-06.48.31:180][  0]LogPython: Using Python 3.7.7
[2022.10.31-06.48.31:828][  0]LogTcpMessaging: Initializing TcpMessaging bridge
[2022.10.31-06.48.31:834][  0]LogUdpMessaging: Initializing bridge on interface 0.0.0.0:0 to multicast group 230.0.0.1:6666.
[2022.10.31-06.48.31:980][  0]SourceControl: 源码管理已禁用
[2022.10.31-06.48.31:980][  0]SourceControl: 源码管理已禁用
[2022.10.31-06.48.31:983][  0]SourceControl: 源码管理已禁用
[2022.10.31-06.48.31:986][  0]SourceControl: 源码管理已禁用
[2022.10.31-06.48.31:994][  0]SourceControl: 源码管理已禁用
[2022.10.31-06.48.32:000][  0]LogUProjectInfo: Found projects:
[2022.10.31-06.48.32:003][  0]LogVSAccessor: Display: Unable to create Visual Studio setup instance: 80040154
[2022.10.31-06.48.32:004][  0]LogVSAccessor: Display: Unable to create Visual Studio setup instance: 80040154
[2022.10.31-06.48.32:004][  0]LogVSAccessor: Display: Unable to create Visual Studio setup instance: 80040154
[2022.10.31-06.48.32:223][  0]LogOpenImageDenoise: OIDN starting up
[2022.10.31-06.48.32:251][  0]LogAndroidPermission: UAndroidPermissionCallbackProxy::GetInstance
[2022.10.31-06.48.32:273][  0]LogAudioCaptureCore: Display: No Audio Capture implementations found. Audio input will be silent.
[2022.10.31-06.48.32:273][  0]LogAudioCaptureCore: Display: No Audio Capture implementations found. Audio input will be silent.
[2022.10.31-06.48.32:412][  0]LogCollectionManager: Loaded 0 collections in 0.001741 seconds
[2022.10.31-06.48.32:438][  0]LogFileCache: Scanning file cache for directory 'C:/Users/Administrator/Documents/Unreal Projects/MyUFO/Saved/Collections/' took 0.00s
[2022.10.31-06.48.32:438][  0]LogFileCache: Scanning file cache for directory 'C:/Users/Administrator/Documents/Unreal Projects/MyUFO/Content/Developers/Administrator/Collections/' took 0.00s
[2022.10.31-06.48.32:438][  0]LogFileCache: Scanning file cache for directory 'C:/Users/Administrator/Documents/Unreal Projects/MyUFO/Content/Collections/' took 0.00s
[2022.10.31-06.48.32:438][  0]LogOcInput: OculusInput pre-init called
[2022.10.31-06.48.32:741][  0]PixelStreamer: Warning: Pixel Streaming audio component will not tick because Pixel Streaming module is not loaded. This is expected on dedicated servers.
[2022.10.31-06.48.32:742][  0]PixelStreamer: Initialising Pixel Streaming settings.
[2022.10.31-06.48.32:808][  0]LogEngine: Initializing Engine...
[2022.10.31-06.48.32:810][  0]LogHMD: Failed to enumerate extensions. Please check that you have a valid OpenXR runtime installed.
[2022.10.31-06.48.32:811][  0]LogHMD: Failed to initialize OpenVR with code 110
[2022.10.31-06.48.32:811][  0]LogMagicLeap: Warning: VR disabled because ZI is not enabled.  To enable, in the editor, Edit -> Project Settings -> Plugins -> Magic Leap Plugin -> Enable Zero Iteration
[2022.10.31-06.48.32:812][  0]LogStats: UGameplayTagsManager::InitializeManager -  0.000 s
[2022.10.31-06.48.32:964][  0]LogInit: Initializing FReadOnlyCVARCache
[2022.10.31-06.48.32:973][  0]LogAIModule: Creating AISystem for world Untitled
[2022.10.31-06.48.32:989][  0]LogAudio: Display: Initializing Audio Device Manager...
[2022.10.31-06.48.32:993][  0]LogAudio: Display: Loading Default Audio Settings Objects...
[2022.10.31-06.48.32:993][  0]LogAudio: Display: No default SoundConcurrencyObject specified (or failed to load).
[2022.10.31-06.48.32:994][  0]LogAudio: Display: Audio Device Manager Initialized
[2022.10.31-06.48.32:994][  0]LogAudio: Display: Creating Audio Device:                 Id: 1, Scope: Shared, Realtime: True
[2022.10.31-06.48.32:994][  0]LogAudioMixer: Display: Audio Mixer Platform Settings:
[2022.10.31-06.48.32:994][  0]LogAudioMixer: Display: 	Sample Rate:						  48000
[2022.10.31-06.48.32:994][  0]LogAudioMixer: Display: 	Callback Buffer Frame Size Requested: 1024
[2022.10.31-06.48.32:994][  0]LogAudioMixer: Display: 	Callback Buffer Frame Size To Use:	  1024
[2022.10.31-06.48.32:994][  0]LogAudioMixer: Display: 	Number of buffers to queue:			  2
[2022.10.31-06.48.32:994][  0]LogAudioMixer: Display: 	Max Channels (voices):				  32
[2022.10.31-06.48.32:994][  0]LogAudioMixer: Display: 	Number of Async Source Workers:		  0
[2022.10.31-06.48.32:994][  0]LogAudio: Display: AudioDevice MaxSources: 32
[2022.10.31-06.48.32:995][  0]LogAudio: Display: Audio Spatialization Plugin: None (built-in).
[2022.10.31-06.48.32:995][  0]LogAudio: Display: Audio Reverb Plugin: None (built-in).
[2022.10.31-06.48.32:995][  0]LogAudio: Display: Audio Occlusion Plugin: None (built-in).
[2022.10.31-06.48.32:995][  0]LogAudioMixer: Display: Initializing audio mixer.
[2022.10.31-06.48.33:001][  0]LogAudioMixer: Display: Using Audio Device Unknown
[2022.10.31-06.48.33:008][  0]LogAudioMixer: Display: Initializing Sound Submixes...
[2022.10.31-06.48.33:010][  0]LogAudioMixer: Display: Creating Master Submix 'MasterSubmixDefault'
[2022.10.31-06.48.33:010][  0]LogAudioMixer: Display: Creating Master Submix 'MasterReverbSubmixDefault'
[2022.10.31-06.48.33:011][  0]LogAudioMixer: Display: Creating Master Submix 'MasterEQSubmixDefault'
[2022.10.31-06.48.33:011][  0]LogAudioMixer: FMixerPlatformXAudio2::StartAudioStream() called
[2022.10.31-06.48.33:011][  0]LogAudioMixer: Display: Output buffers initialized: Frames=1024, Channels=2, Samples=2048
[2022.10.31-06.48.33:012][  0]LogAudioMixer: Display: Starting AudioMixerPlatformInterface::RunInternal()
[2022.10.31-06.48.33:012][  0]LogAudioMixer: Display: StartRunningNullDevice() called
[2022.10.31-06.48.33:013][  0]LogInit: FAudioDevice initialized.
[2022.10.31-06.48.33:014][  0]LogAudio: Display: Audio Device (ID: 1) registered with world 'Untitled'.
[2022.10.31-06.48.33:014][  0]LogNetVersion: Set ProjectVersion to 1.0.0.0. Version Checksum will be recalculated on next use.
[2022.10.31-06.48.33:175][  0]LogDerivedDataCache: Saved boot cache 0.16s 94MB C:/Users/Administrator/AppData/Local/UnrealEngine/4.27/DerivedDataCache/Boot.ddc.
[2022.10.31-06.48.33:176][  0]LogInit: Texture streaming: Enabled
[2022.10.31-06.48.33:188][  0]LogAnalytics: Display: [UEEditor.Rocket.Release] APIServer = https://datarouter.ol.epicgames.com/. AppVersion = 4.27.2-18319896+++UE4+Release-4.27
[2022.10.31-06.48.33:192][  0]LogEngineSessionManager: EngineSessionManager initialized
[2022.10.31-06.48.33:192][  0]LogEditorSessionSummary: Verbose: Initializing EditorSessionSummaryWriter for editor session tracking
[2022.10.31-06.48.33:193][  0]LogEditorSessionSummary: EditorSessionSummaryWriter initialized
[2022.10.31-06.48.33:216][  0]LogInit: Transaction tracking system initialized
[2022.10.31-06.48.33:239][  0]BlueprintLog: New page: 编辑器加载
[2022.10.31-06.48.33:297][  0]LocalizationService: 本地化服务已禁用
[2022.10.31-06.48.33:318][  0]TimingProfiler: Initialize
[2022.10.31-06.48.33:318][  0]TimingProfiler: OnSessionChanged
[2022.10.31-06.48.33:318][  0]LoadingProfiler: Initialize
[2022.10.31-06.48.33:318][  0]LoadingProfiler: OnSessionChanged
[2022.10.31-06.48.33:318][  0]NetworkingProfiler: Initialize
[2022.10.31-06.48.33:318][  0]NetworkingProfiler: OnSessionChanged
[2022.10.31-06.48.33:318][  0]MemoryProfiler: Initialize
[2022.10.31-06.48.33:318][  0]MemoryProfiler: OnSessionChanged
[2022.10.31-06.48.33:374][  0]LogVSAccessor: Display: Unable to create Visual Studio setup instance: 80040154
[2022.10.31-06.48.33:375][  0]LogVSAccessor: Display: Unable to create Visual Studio setup instance: 80040154
[2022.10.31-06.48.33:375][  0]LogVSAccessor: Display: Unable to create Visual Studio setup instance: 80040154
[2022.10.31-06.48.33:484][  0]LogCook: Display: CookSettings for Memory: MemoryMaxUsedVirtual 0MiB, MemoryMaxUsedPhysical 16384MiB, MemoryMinFreeVirtual 0MiB, MemoryMinFreePhysical 1024MiB
[2022.10.31-06.48.33:484][  0]LogCook: Display: Mobile HDR setting 1
[2022.10.31-06.48.33:577][  0]LogFileCache: Scanning file cache for directory 'C:/Users/Administrator/Documents/Unreal Projects/MyUFO/Content/' took 0.00s
[2022.10.31-06.48.33:577][  0]LogEncoderNVENC: Created D3D11 device for NVENC on 'NVIDIA Tesla T4'.
[2022.10.31-06.48.34:057][  0]PixelStreamer: PixelStreaming is disabled, provide `PixelStreamingIP` and `PixelStreamingPort` cmd-args to enable it
[2022.10.31-06.48.34:057][  0]LogInit: Display: Engine is initialized. Leaving FEngineLoop::Init()
[2022.10.31-06.48.34:060][  0]SourceControl: 源码管理已禁用
[2022.10.31-06.48.34:060][  0]LogUnrealEdMisc: Loading editor; pre map load, took 8.396
[2022.10.31-06.48.34:061][  0]Cmd: MAP LOAD FILE="../../../../../../Users/Administrator/Documents/Unreal Projects/MyUFO/Content/FlyingBP/Maps/FlyingExampleMap.umap" TEMPLATE=0 SHOWPROGRESS=1 FEATURELEVEL=3
[2022.10.31-06.48.34:061][  0]LightingResults: New page: 光照构建
[2022.10.31-06.48.34:102][  0]LogWorld: UWorld::CleanupWorld for Untitled, bSessionEnded=true, bCleanupResources=true
[2022.10.31-06.48.34:103][  0]LogSlate: InvalidateAllWidgets triggered.  All widgets were invalidated
[2022.10.31-06.48.34:103][  0]MapCheck: New page: 地图检测
[2022.10.31-06.48.34:103][  0]LightingResults: New page: 光照构建
[2022.10.31-06.48.34:111][  0]LogAudio: Display: Audio Device unregistered from world 'None'.
[2022.10.31-06.48.34:114][  0]LogUObjectHash: Compacting FUObjectHashTables data took   1.11ms
[2022.10.31-06.48.34:321][  0]LogAudio: Display: Audio Device (ID: 1) registered with world 'FlyingExampleMap'.
[2022.10.31-06.48.34:322][  0]LogAIModule: Creating AISystem for world FlyingExampleMap
[2022.10.31-06.48.34:336][  0]LogEditorServer: Finished looking for orphan Actors (0.000 secs)
[2022.10.31-06.48.34:353][  0]LogUObjectHash: Compacting FUObjectHashTables data took   1.72ms
[2022.10.31-06.48.34:353][  0]Cmd: MAP CHECKDEP NOCLEARLOG
[2022.10.31-06.48.34:353][  0]MapCheck: 地图检测完成：0个错误、0个警告、完成用时0.164毫秒。
[2022.10.31-06.48.34:353][  0]LogFileHelpers: Loading map 'FlyingExampleMap' took 0.293
[2022.10.31-06.48.34:356][  0]LogUnrealEdMisc: Total Editor Startup Time, took 8.692
[2022.10.31-06.48.34:482][  0]LogSlate: Updating window title bar state: overlay mode, drag disabled, window buttons hidden, title bar hidden
[2022.10.31-06.48.34:490][  0]LogSlate: Updating window title bar state: overlay mode, drag disabled, window buttons hidden, title bar hidden
[2022.10.31-06.48.34:497][  0]LogSlate: Updating window title bar state: overlay mode, drag disabled, window buttons hidden, title bar hidden
[2022.10.31-06.48.34:504][  0]LogSlate: Updating window title bar state: overlay mode, drag disabled, window buttons hidden, title bar hidden
[2022.10.31-06.48.34:521][  0]LogNativeClassHierarchy: Verbose: Native class hierarchy populated in 0.0121 seconds. Added 3827 classes and 932 folders.
[2022.10.31-06.48.34:524][  0]LogNativeClassHierarchy: Verbose: Native class hierarchy updated for 'WidgetCarousel' in 0.0004 seconds. Added 0 classes and 0 folders.
[2022.10.31-06.48.34:525][  0]LogPakFile: PakFile PrimaryIndexSize=187
[2022.10.31-06.48.34:525][  0]LogPakFile: PakFile PathHashIndexSize=101
[2022.10.31-06.48.34:525][  0]LogPakFile: PakFile FullDirectoryIndexSize=148
[2022.10.31-06.48.34:525][  0]LogShaderLibrary: Display: ShaderCodeLibraryPakFileMountedCallback: PakFile 'C:/Program Files/Epic Games/UE_4.27/FeaturePacks/FP_FirstPerson.upack' (chunk index -1, root 'root:/') mounted
[2022.10.31-06.48.34:525][  0]LogShaderLibrary: Display: ShaderCodeLibraryPakFileMountedCallback: pending pak file info (ChunkID:-1 Root:root:/ File:C:/Program Files/Epic Games/UE_4.27/FeaturePacks/FP_FirstPerson.upack)
[2022.10.31-06.48.34:525][  0]LogPakFile: OnPakFileMounted2Time == 0.000061
[2022.10.31-06.48.34:526][  0]LogPakFile: PakFile PrimaryIndexSize=189
[2022.10.31-06.48.34:526][  0]LogPakFile: PakFile PathHashIndexSize=101
[2022.10.31-06.48.34:526][  0]LogPakFile: PakFile FullDirectoryIndexSize=152
[2022.10.31-06.48.34:526][  0]LogShaderLibrary: Display: ShaderCodeLibraryPakFileMountedCallback: PakFile 'C:/Program Files/Epic Games/UE_4.27/FeaturePacks/FP_FirstPersonBP.upack' (chunk index -1, root 'root:/') mounted
[2022.10.31-06.48.34:526][  0]LogShaderLibrary: Display: ShaderCodeLibraryPakFileMountedCallback: pending pak file info (ChunkID:-1 Root:root:/ File:C:/Program Files/Epic Games/UE_4.27/FeaturePacks/FP_FirstPersonBP.upack)
[2022.10.31-06.48.34:526][  0]LogPakFile: OnPakFileMounted2Time == 0.000045
[2022.10.31-06.48.34:527][  0]LogPakFile: PakFile PrimaryIndexSize=191
[2022.10.31-06.48.34:527][  0]LogPakFile: PakFile PathHashIndexSize=101
[2022.10.31-06.48.34:527][  0]LogPakFile: PakFile FullDirectoryIndexSize=160
[2022.10.31-06.48.34:527][  0]LogShaderLibrary: Display: ShaderCodeLibraryPakFileMountedCallback: PakFile 'C:/Program Files/Epic Games/UE_4.27/FeaturePacks/MobileStarterContent.upack' (chunk index -1, root 'root:/') mounted
[2022.10.31-06.48.34:527][  0]LogShaderLibrary: Display: ShaderCodeLibraryPakFileMountedCallback: pending pak file info (ChunkID:-1 Root:root:/ File:C:/Program Files/Epic Games/UE_4.27/FeaturePacks/MobileStarterContent.upack)
[2022.10.31-06.48.34:527][  0]LogPakFile: OnPakFileMounted2Time == 0.000043
[2022.10.31-06.48.34:527][  0]LogPakFile: PakFile PrimaryIndexSize=185
[2022.10.31-06.48.34:527][  0]LogPakFile: PakFile PathHashIndexSize=101
[2022.10.31-06.48.34:527][  0]LogPakFile: PakFile FullDirectoryIndexSize=148
[2022.10.31-06.48.34:527][  0]LogShaderLibrary: Display: ShaderCodeLibraryPakFileMountedCallback: PakFile 'C:/Program Files/Epic Games/UE_4.27/FeaturePacks/StarterContent.upack' (chunk index -1, root 'root:/') mounted
[2022.10.31-06.48.34:527][  0]LogShaderLibrary: Display: ShaderCodeLibraryPakFileMountedCallback: pending pak file info (ChunkID:-1 Root:root:/ File:C:/Program Files/Epic Games/UE_4.27/FeaturePacks/StarterContent.upack)
[2022.10.31-06.48.34:527][  0]LogPakFile: OnPakFileMounted2Time == 0.000039
[2022.10.31-06.48.34:528][  0]LogPakFile: PakFile PrimaryIndexSize=190
[2022.10.31-06.48.34:528][  0]LogPakFile: PakFile PathHashIndexSize=101
[2022.10.31-06.48.34:528][  0]LogPakFile: PakFile FullDirectoryIndexSize=154
[2022.10.31-06.48.34:528][  0]LogShaderLibrary: Display: ShaderCodeLibraryPakFileMountedCallback: PakFile 'C:/Program Files/Epic Games/UE_4.27/FeaturePacks/TP_2DSideScroller.upack' (chunk index -1, root 'root:/') mounted
[2022.10.31-06.48.34:528][  0]LogShaderLibrary: Display: ShaderCodeLibraryPakFileMountedCallback: pending pak file info (ChunkID:-1 Root:root:/ File:C:/Program Files/Epic Games/UE_4.27/FeaturePacks/TP_2DSideScroller.upack)
[2022.10.31-06.48.34:528][  0]LogPakFile: OnPakFileMounted2Time == 0.000043
[2022.10.31-06.48.34:528][  0]LogPakFile: PakFile PrimaryIndexSize=192
[2022.10.31-06.48.34:528][  0]LogPakFile: PakFile PathHashIndexSize=101
[2022.10.31-06.48.34:528][  0]LogPakFile: PakFile FullDirectoryIndexSize=158
[2022.10.31-06.48.34:528][  0]LogShaderLibrary: Display: ShaderCodeLibraryPakFileMountedCallback: PakFile 'C:/Program Files/Epic Games/UE_4.27/FeaturePacks/TP_2DSideScrollerBP.upack' (chunk index -1, root 'root:/') mounted
[2022.10.31-06.48.34:528][  0]LogShaderLibrary: Display: ShaderCodeLibraryPakFileMountedCallback: pending pak file info (ChunkID:-1 Root:root:/ File:C:/Program Files/Epic Games/UE_4.27/FeaturePacks/TP_2DSideScrollerBP.upack)
[2022.10.31-06.48.34:528][  0]LogPakFile: OnPakFileMounted2Time == 0.000039
[2022.10.31-06.48.34:529][  0]LogPakFile: PakFile PrimaryIndexSize=182
[2022.10.31-06.48.34:529][  0]LogPakFile: PakFile PathHashIndexSize=101
[2022.10.31-06.48.34:529][  0]LogPakFile: PakFile FullDirectoryIndexSize=138
[2022.10.31-06.48.34:529][  0]LogShaderLibrary: Display: ShaderCodeLibraryPakFileMountedCallback: PakFile 'C:/Program Files/Epic Games/UE_4.27/FeaturePacks/TP_Flying.upack' (chunk index -1, root 'root:/') mounted
[2022.10.31-06.48.34:529][  0]LogShaderLibrary: Display: ShaderCodeLibraryPakFileMountedCallback: pending pak file info (ChunkID:-1 Root:root:/ File:C:/Program Files/Epic Games/UE_4.27/FeaturePacks/TP_Flying.upack)
[2022.10.31-06.48.34:529][  0]LogPakFile: OnPakFileMounted2Time == 0.000038
[2022.10.31-06.48.34:530][  0]LogPakFile: PakFile PrimaryIndexSize=184
[2022.10.31-06.48.34:530][  0]LogPakFile: PakFile PathHashIndexSize=101
[2022.10.31-06.48.34:530][  0]LogPakFile: PakFile FullDirectoryIndexSize=142
[2022.10.31-06.48.34:530][  0]LogShaderLibrary: Display: ShaderCodeLibraryPakFileMountedCallback: PakFile 'C:/Program Files/Epic Games/UE_4.27/FeaturePacks/TP_FlyingBP.upack' (chunk index -1, root 'root:/') mounted
[2022.10.31-06.48.34:530][  0]LogShaderLibrary: Display: ShaderCodeLibraryPakFileMountedCallback: pending pak file info (ChunkID:-1 Root:root:/ File:C:/Program Files/Epic Games/UE_4.27/FeaturePacks/TP_FlyingBP.upack)
[2022.10.31-06.48.34:530][  0]LogPakFile: OnPakFileMounted2Time == 0.000037
[2022.10.31-06.48.34:530][  0]LogPakFile: PakFile PrimaryIndexSize=188
[2022.10.31-06.48.34:530][  0]LogPakFile: PakFile PathHashIndexSize=101
[2022.10.31-06.48.34:530][  0]LogPakFile: PakFile FullDirectoryIndexSize=150
[2022.10.31-06.48.34:530][  0]LogShaderLibrary: Display: ShaderCodeLibraryPakFileMountedCallback: PakFile 'C:/Program Files/Epic Games/UE_4.27/FeaturePacks/TP_HandheldARBP.upack' (chunk index -1, root 'root:/') mounted
[2022.10.31-06.48.34:530][  0]LogShaderLibrary: Display: ShaderCodeLibraryPakFileMountedCallback: pending pak file info (ChunkID:-1 Root:root:/ File:C:/Program Files/Epic Games/UE_4.27/FeaturePacks/TP_HandheldARBP.upack)
[2022.10.31-06.48.34:530][  0]LogPakFile: OnPakFileMounted2Time == 0.000037
[2022.10.31-06.48.34:531][  0]LogPakFile: PakFile PrimaryIndexSize=182
[2022.10.31-06.48.34:531][  0]LogPakFile: PakFile PathHashIndexSize=101
[2022.10.31-06.48.34:531][  0]LogPakFile: PakFile FullDirectoryIndexSize=138
[2022.10.31-06.48.34:531][  0]LogShaderLibrary: Display: ShaderCodeLibraryPakFileMountedCallback: PakFile 'C:/Program Files/Epic Games/UE_4.27/FeaturePacks/TP_Puzzle.upack' (chunk index -1, root 'root:/') mounted
[2022.10.31-06.48.34:531][  0]LogShaderLibrary: Display: ShaderCodeLibraryPakFileMountedCallback: pending pak file info (ChunkID:-1 Root:root:/ File:C:/Program Files/Epic Games/UE_4.27/FeaturePacks/TP_Puzzle.upack)
[2022.10.31-06.48.34:531][  0]LogPakFile: OnPakFileMounted2Time == 0.000038
[2022.10.31-06.48.34:532][  0]LogPakFile: PakFile PrimaryIndexSize=184
[2022.10.31-06.48.34:532][  0]LogPakFile: PakFile PathHashIndexSize=101
[2022.10.31-06.48.34:532][  0]LogPakFile: PakFile FullDirectoryIndexSize=142
[2022.10.31-06.48.34:532][  0]LogShaderLibrary: Display: ShaderCodeLibraryPakFileMountedCallback: PakFile 'C:/Program Files/Epic Games/UE_4.27/FeaturePacks/TP_PuzzleBP.upack' (chunk index -1, root 'root:/') mounted
[2022.10.31-06.48.34:532][  0]LogShaderLibrary: Display: ShaderCodeLibraryPakFileMountedCallback: pending pak file info (ChunkID:-1 Root:root:/ File:C:/Program Files/Epic Games/UE_4.27/FeaturePacks/TP_PuzzleBP.upack)
[2022.10.31-06.48.34:532][  0]LogPakFile: OnPakFileMounted2Time == 0.000036
[2022.10.31-06.48.34:532][  0]LogPakFile: PakFile PrimaryIndexSize=183
[2022.10.31-06.48.34:532][  0]LogPakFile: PakFile PathHashIndexSize=101
[2022.10.31-06.48.34:532][  0]LogPakFile: PakFile FullDirectoryIndexSize=140
[2022.10.31-06.48.34:532][  0]LogShaderLibrary: Display: ShaderCodeLibraryPakFileMountedCallback: PakFile 'C:/Program Files/Epic Games/UE_4.27/FeaturePacks/TP_Rolling.upack' (chunk index -1, root 'root:/') mounted
[2022.10.31-06.48.34:532][  0]LogShaderLibrary: Display: ShaderCodeLibraryPakFileMountedCallback: pending pak file info (ChunkID:-1 Root:root:/ File:C:/Program Files/Epic Games/UE_4.27/FeaturePacks/TP_Rolling.upack)
[2022.10.31-06.48.34:532][  0]LogPakFile: OnPakFileMounted2Time == 0.000038
[2022.10.31-06.48.34:533][  0]LogPakFile: PakFile PrimaryIndexSize=185
[2022.10.31-06.48.34:533][  0]LogPakFile: PakFile PathHashIndexSize=101
[2022.10.31-06.48.34:533][  0]LogPakFile: PakFile FullDirectoryIndexSize=144
[2022.10.31-06.48.34:533][  0]LogShaderLibrary: Display: ShaderCodeLibraryPakFileMountedCallback: PakFile 'C:/Program Files/Epic Games/UE_4.27/FeaturePacks/TP_RollingBP.upack' (chunk index -1, root 'root:/') mounted
[2022.10.31-06.48.34:533][  0]LogShaderLibrary: Display: ShaderCodeLibraryPakFileMountedCallback: pending pak file info (ChunkID:-1 Root:root:/ File:C:/Program Files/Epic Games/UE_4.27/FeaturePacks/TP_RollingBP.upack)
[2022.10.31-06.48.34:533][  0]LogPakFile: OnPakFileMounted2Time == 0.000038
[2022.10.31-06.48.34:533][  0]LogPakFile: PakFile PrimaryIndexSize=188
[2022.10.31-06.48.34:533][  0]LogPakFile: PakFile PathHashIndexSize=101
[2022.10.31-06.48.34:533][  0]LogPakFile: PakFile FullDirectoryIndexSize=150
[2022.10.31-06.48.34:533][  0]LogShaderLibrary: Display: ShaderCodeLibraryPakFileMountedCallback: PakFile 'C:/Program Files/Epic Games/UE_4.27/FeaturePacks/TP_SideScroller.upack' (chunk index -1, root 'root:/') mounted
[2022.10.31-06.48.34:533][  0]LogShaderLibrary: Display: ShaderCodeLibraryPakFileMountedCallback: pending pak file info (ChunkID:-1 Root:root:/ File:C:/Program Files/Epic Games/UE_4.27/FeaturePacks/TP_SideScroller.upack)
[2022.10.31-06.48.34:533][  0]LogPakFile: OnPakFileMounted2Time == 0.000035
[2022.10.31-06.48.34:534][  0]LogPakFile: PakFile PrimaryIndexSize=190
[2022.10.31-06.48.34:534][  0]LogPakFile: PakFile PathHashIndexSize=101
[2022.10.31-06.48.34:534][  0]LogPakFile: PakFile FullDirectoryIndexSize=154
[2022.10.31-06.48.34:534][  0]LogShaderLibrary: Display: ShaderCodeLibraryPakFileMountedCallback: PakFile 'C:/Program Files/Epic Games/UE_4.27/FeaturePacks/TP_SideScrollerBP.upack' (chunk index -1, root 'root:/') mounted
[2022.10.31-06.48.34:534][  0]LogShaderLibrary: Display: ShaderCodeLibraryPakFileMountedCallback: pending pak file info (ChunkID:-1 Root:root:/ File:C:/Program Files/Epic Games/UE_4.27/FeaturePacks/TP_SideScrollerBP.upack)
[2022.10.31-06.48.34:534][  0]LogPakFile: OnPakFileMounted2Time == 0.000037
[2022.10.31-06.48.34:534][  0]LogPakFile: PakFile PrimaryIndexSize=187
[2022.10.31-06.48.34:534][  0]LogPakFile: PakFile PathHashIndexSize=101
[2022.10.31-06.48.34:534][  0]LogPakFile: PakFile FullDirectoryIndexSize=148
[2022.10.31-06.48.34:535][  0]LogShaderLibrary: Display: ShaderCodeLibraryPakFileMountedCallback: PakFile 'C:/Program Files/Epic Games/UE_4.27/FeaturePacks/TP_ThirdPerson.upack' (chunk index -1, root 'root:/') mounted
[2022.10.31-06.48.34:535][  0]LogShaderLibrary: Display: ShaderCodeLibraryPakFileMountedCallback: pending pak file info (ChunkID:-1 Root:root:/ File:C:/Program Files/Epic Games/UE_4.27/FeaturePacks/TP_ThirdPerson.upack)
[2022.10.31-06.48.34:535][  0]LogPakFile: OnPakFileMounted2Time == 0.000040
[2022.10.31-06.48.34:535][  0]LogPakFile: PakFile PrimaryIndexSize=189
[2022.10.31-06.48.34:535][  0]LogPakFile: PakFile PathHashIndexSize=101
[2022.10.31-06.48.34:535][  0]LogPakFile: PakFile FullDirectoryIndexSize=152
[2022.10.31-06.48.34:535][  0]LogShaderLibrary: Display: ShaderCodeLibraryPakFileMountedCallback: PakFile 'C:/Program Files/Epic Games/UE_4.27/FeaturePacks/TP_ThirdPersonBP.upack' (chunk index -1, root 'root:/') mounted
[2022.10.31-06.48.34:535][  0]LogShaderLibrary: Display: ShaderCodeLibraryPakFileMountedCallback: pending pak file info (ChunkID:-1 Root:root:/ File:C:/Program Files/Epic Games/UE_4.27/FeaturePacks/TP_ThirdPersonBP.upack)
[2022.10.31-06.48.34:535][  0]LogPakFile: OnPakFileMounted2Time == 0.000037
[2022.10.31-06.48.34:536][  0]LogPakFile: PakFile PrimaryIndexSize=183
[2022.10.31-06.48.34:536][  0]LogPakFile: PakFile PathHashIndexSize=101
[2022.10.31-06.48.34:536][  0]LogPakFile: PakFile FullDirectoryIndexSize=140
[2022.10.31-06.48.34:536][  0]LogShaderLibrary: Display: ShaderCodeLibraryPakFileMountedCallback: PakFile 'C:/Program Files/Epic Games/UE_4.27/FeaturePacks/TP_TopDown.upack' (chunk index -1, root 'root:/') mounted
[2022.10.31-06.48.34:536][  0]LogShaderLibrary: Display: ShaderCodeLibraryPakFileMountedCallback: pending pak file info (ChunkID:-1 Root:root:/ File:C:/Program Files/Epic Games/UE_4.27/FeaturePacks/TP_TopDown.upack)
[2022.10.31-06.48.34:536][  0]LogPakFile: OnPakFileMounted2Time == 0.000045
[2022.10.31-06.48.34:536][  0]LogPakFile: PakFile PrimaryIndexSize=185
[2022.10.31-06.48.34:536][  0]LogPakFile: PakFile PathHashIndexSize=101
[2022.10.31-06.48.34:536][  0]LogPakFile: PakFile FullDirectoryIndexSize=144
[2022.10.31-06.48.34:536][  0]LogShaderLibrary: Display: ShaderCodeLibraryPakFileMountedCallback: PakFile 'C:/Program Files/Epic Games/UE_4.27/FeaturePacks/TP_TopDownBP.upack' (chunk index -1, root 'root:/') mounted
[2022.10.31-06.48.34:536][  0]LogShaderLibrary: Display: ShaderCodeLibraryPakFileMountedCallback: pending pak file info (ChunkID:-1 Root:root:/ File:C:/Program Files/Epic Games/UE_4.27/FeaturePacks/TP_TopDownBP.upack)
[2022.10.31-06.48.34:536][  0]LogPakFile: OnPakFileMounted2Time == 0.000039
[2022.10.31-06.48.34:537][  0]LogPakFile: PakFile PrimaryIndexSize=185
[2022.10.31-06.48.34:537][  0]LogPakFile: PakFile PathHashIndexSize=101
[2022.10.31-06.48.34:537][  0]LogPakFile: PakFile FullDirectoryIndexSize=144
[2022.10.31-06.48.34:537][  0]LogShaderLibrary: Display: ShaderCodeLibraryPakFileMountedCallback: PakFile 'C:/Program Files/Epic Games/UE_4.27/FeaturePacks/TP_TwinStick.upack' (chunk index -1, root 'root:/') mounted
[2022.10.31-06.48.34:537][  0]LogShaderLibrary: Display: ShaderCodeLibraryPakFileMountedCallback: pending pak file info (ChunkID:-1 Root:root:/ File:C:/Program Files/Epic Games/UE_4.27/FeaturePacks/TP_TwinStick.upack)
[2022.10.31-06.48.34:537][  0]LogPakFile: OnPakFileMounted2Time == 0.000037
[2022.10.31-06.48.34:537][  0]LogPakFile: PakFile PrimaryIndexSize=187
[2022.10.31-06.48.34:537][  0]LogPakFile: PakFile PathHashIndexSize=101
[2022.10.31-06.48.34:537][  0]LogPakFile: PakFile FullDirectoryIndexSize=148
[2022.10.31-06.48.34:537][  0]LogShaderLibrary: Display: ShaderCodeLibraryPakFileMountedCallback: PakFile 'C:/Program Files/Epic Games/UE_4.27/FeaturePacks/TP_TwinStickBP.upack' (chunk index -1, root 'root:/') mounted
[2022.10.31-06.48.34:538][  0]LogShaderLibrary: Display: ShaderCodeLibraryPakFileMountedCallback: pending pak file info (ChunkID:-1 Root:root:/ File:C:/Program Files/Epic Games/UE_4.27/FeaturePacks/TP_TwinStickBP.upack)
[2022.10.31-06.48.34:538][  0]LogPakFile: OnPakFileMounted2Time == 0.000176
[2022.10.31-06.48.34:538][  0]LogPakFile: PakFile PrimaryIndexSize=183
[2022.10.31-06.48.34:538][  0]LogPakFile: PakFile PathHashIndexSize=101
[2022.10.31-06.48.34:538][  0]LogPakFile: PakFile FullDirectoryIndexSize=140
[2022.10.31-06.48.34:538][  0]LogShaderLibrary: Display: ShaderCodeLibraryPakFileMountedCallback: PakFile 'C:/Program Files/Epic Games/UE_4.27/FeaturePacks/TP_Vehicle.upack' (chunk index -1, root 'root:/') mounted
[2022.10.31-06.48.34:538][  0]LogShaderLibrary: Display: ShaderCodeLibraryPakFileMountedCallback: pending pak file info (ChunkID:-1 Root:root:/ File:C:/Program Files/Epic Games/UE_4.27/FeaturePacks/TP_Vehicle.upack)
[2022.10.31-06.48.34:538][  0]LogPakFile: OnPakFileMounted2Time == 0.000037
[2022.10.31-06.48.34:539][  0]LogPakFile: PakFile PrimaryIndexSize=186
[2022.10.31-06.48.34:539][  0]LogPakFile: PakFile PathHashIndexSize=101
[2022.10.31-06.48.34:539][  0]LogPakFile: PakFile FullDirectoryIndexSize=146
[2022.10.31-06.48.34:539][  0]LogShaderLibrary: Display: ShaderCodeLibraryPakFileMountedCallback: PakFile 'C:/Program Files/Epic Games/UE_4.27/FeaturePacks/TP_VehicleAdv.upack' (chunk index -1, root 'root:/') mounted
[2022.10.31-06.48.34:539][  0]LogShaderLibrary: Display: ShaderCodeLibraryPakFileMountedCallback: pending pak file info (ChunkID:-1 Root:root:/ File:C:/Program Files/Epic Games/UE_4.27/FeaturePacks/TP_VehicleAdv.upack)
[2022.10.31-06.48.34:539][  0]LogPakFile: OnPakFileMounted2Time == 0.000040
[2022.10.31-06.48.34:539][  0]LogPakFile: PakFile PrimaryIndexSize=188
[2022.10.31-06.48.34:539][  0]LogPakFile: PakFile PathHashIndexSize=101
[2022.10.31-06.48.34:539][  0]LogPakFile: PakFile FullDirectoryIndexSize=150
[2022.10.31-06.48.34:539][  0]LogShaderLibrary: Display: ShaderCodeLibraryPakFileMountedCallback: PakFile 'C:/Program Files/Epic Games/UE_4.27/FeaturePacks/TP_VehicleAdvBP.upack' (chunk index -1, root 'root:/') mounted
[2022.10.31-06.48.34:539][  0]LogShaderLibrary: Display: ShaderCodeLibraryPakFileMountedCallback: pending pak file info (ChunkID:-1 Root:root:/ File:C:/Program Files/Epic Games/UE_4.27/FeaturePacks/TP_VehicleAdvBP.upack)
[2022.10.31-06.48.34:539][  0]LogPakFile: OnPakFileMounted2Time == 0.000036
[2022.10.31-06.48.34:540][  0]LogPakFile: PakFile PrimaryIndexSize=185
[2022.10.31-06.48.34:540][  0]LogPakFile: PakFile PathHashIndexSize=101
[2022.10.31-06.48.34:540][  0]LogPakFile: PakFile FullDirectoryIndexSize=144
[2022.10.31-06.48.34:540][  0]LogShaderLibrary: Display: ShaderCodeLibraryPakFileMountedCallback: PakFile 'C:/Program Files/Epic Games/UE_4.27/FeaturePacks/TP_VehicleBP.upack' (chunk index -1, root 'root:/') mounted
[2022.10.31-06.48.34:540][  0]LogShaderLibrary: Display: ShaderCodeLibraryPakFileMountedCallback: pending pak file info (ChunkID:-1 Root:root:/ File:C:/Program Files/Epic Games/UE_4.27/FeaturePacks/TP_VehicleBP.upack)
[2022.10.31-06.48.34:540][  0]LogPakFile: OnPakFileMounted2Time == 0.000037
[2022.10.31-06.48.34:540][  0]LogPakFile: PakFile PrimaryIndexSize=192
[2022.10.31-06.48.34:540][  0]LogPakFile: PakFile PathHashIndexSize=101
[2022.10.31-06.48.34:540][  0]LogPakFile: PakFile FullDirectoryIndexSize=158
[2022.10.31-06.48.34:540][  0]LogShaderLibrary: Display: ShaderCodeLibraryPakFileMountedCallback: PakFile 'C:/Program Files/Epic Games/UE_4.27/FeaturePacks/TP_VirtualRealityBP.upack' (chunk index -1, root 'root:/') mounted
[2022.10.31-06.48.34:540][  0]LogShaderLibrary: Display: ShaderCodeLibraryPakFileMountedCallback: pending pak file info (ChunkID:-1 Root:root:/ File:C:/Program Files/Epic Games/UE_4.27/FeaturePacks/TP_VirtualRealityBP.upack)
[2022.10.31-06.48.34:540][  0]LogPakFile: OnPakFileMounted2Time == 0.000036
[2022.10.31-06.48.34:574][  0]LogNativeClassHierarchy: Verbose: Native class hierarchy updated for 'AddContentDialog' in 0.0004 seconds. Added 0 classes and 0 folders.
[2022.10.31-06.48.34:575][  0]LogNativeClassHierarchy: Verbose: Native class hierarchy updated for 'SceneOutliner' in 0.0003 seconds. Added 2 classes and 0 folders.
[2022.10.31-06.48.34:615][  0]LogSlate: Took 0.000163 seconds to synchronously load lazily loaded font '../../../Engine/Content/Slate/Fonts/Roboto-Regular.ttf' (155K)
[2022.10.31-06.48.34:616][  0]LogSlate: Took 0.000125 seconds to synchronously load lazily loaded font '../../../Engine/Content/Editor/Slate/Fonts/FontAwesome.ttf' (139K)
[2022.10.31-06.48.34:617][  0]LogSlate: Took 0.001144 seconds to synchronously load lazily loaded font '../../../Engine/Content/Slate/Fonts/DroidSansFallback.ttf' (3848K)
[2022.10.31-06.48.34:618][  0]LogSlate: Took 0.000119 seconds to synchronously load lazily loaded font '../../../Engine/Content/Slate/Fonts/Roboto-Bold.ttf' (160K)
[2022.10.31-06.48.34:714][  0]LogRenderer: Reallocating scene render targets to support 904x456 Format 10 NumSamples 1 (Frame:1).
[2022.10.31-06.48.34:805][  0]LogNativeClassHierarchy: Verbose: Native class hierarchy updated for 'HierarchicalLODOutliner' in 0.0004 seconds. Added 0 classes and 0 folders.
[2022.10.31-06.48.34:805][  0]LogLoad: (Engine Initialization) Total time: 9.14 seconds
[2022.10.31-06.48.34:805][  0]LogLoad: (Engine Initialization) Total Blueprint compile time: 0.00 seconds
[2022.10.31-06.48.34:866][  0]LogAssetRegistry: Asset discovery search completed in 5.1850 seconds
[2022.10.31-06.48.34:872][  0]LogCollectionManager: Fixed up redirectors for 0 collections in 0.000004 seconds (updated 0 objects)
[2022.10.31-06.48.34:881][  0]LogContentStreaming: Texture pool size now 1000 MB
[2022.10.31-06.48.34:950][  3]LogSlate: Took 0.000212 seconds to synchronously load lazily loaded font '../../../Engine/Content/Slate/Fonts/Roboto-Light.ttf' (167K)
[2022.10.31-06.49.21:100][741]LogSlate: Only BGRA pngs, bmps or icos are supported in by External Image Picker
[2022.10.31-06.50.02:138][184]LogSlate: Window '项目设置' being destroyed
[2022.10.31-06.50.02:141][184]LogSlate: Window '项目设置' being destroyed
[2022.10.31-06.50.03:050][236]LogSlate: Took 0.000178 seconds to synchronously load lazily loaded font '../../../Engine/Content/Slate/Fonts/Roboto-Light.ttf' (167K)
[2022.10.31-06.50.03:087][236]LogUObjectHash: Compacting FUObjectHashTables data took   1.27ms
[2022.10.31-06.50.03:141][236]LogSavePackage: Moving '../../../../../../Users/Administrator/Documents/Unreal Projects/MyUFO/Saved/FlyingExampleMap3AE872F14F0FB4F6011C25A3C383DE42.tmp' to '../../../../../../Users/Administrator/Documents/Unreal Projects/MyUFO/Content/FlyingBP/Maps/FlyingExampleMap.umap'
[2022.10.31-06.50.04:166][236]LogSavePackage: Moving '../../../../../../Users/Administrator/Documents/Unreal Projects/MyUFO/Saved/FlyingExampleMap_BuiltData56BD7F354B2CA2166FC4A8BB63EC89B0.tmp' to '../../../../../../Users/Administrator/Documents/Unreal Projects/MyUFO/Content/FlyingBP/Maps/FlyingExampleMap_BuiltData.uasset'
[2022.10.31-06.50.04:225][236]AssetCheck: New page: 资产保存：多个资产
[2022.10.31-06.50.04:226][236]LogContentValidation: Display: 正在验证MapBuildDataRegistry /Game/FlyingBP/Maps/FlyingExampleMap_BuiltData.FlyingExampleMap_BuiltData
[2022.10.31-06.50.04:226][236]LogContentValidation: Display: 正在验证World /Game/FlyingBP/Maps/FlyingExampleMap.FlyingExampleMap
[2022.10.31-06.50.25:076][487]LogTemp: Repeating last play command: 独立进程游戏
[2022.10.31-06.50.25:088][487]LogUObjectHash: Compacting FUObjectHashTables data took   0.34ms
[2022.10.31-06.50.52:955][719]LogUObjectHash: Compacting FUObjectHashTables data took   0.33ms
[2022.10.31-06.50.53:004][719]LogSavePackage: Moving '../../../../../../Users/Administrator/Documents/Unreal Projects/MyUFO/Saved/FlyingExampleMapA835D4C9455DC3932DFA26A5B5C346DF.tmp' to '../../../../../../Users/Administrator/Documents/Unreal Projects/MyUFO/Content/FlyingBP/Maps/FlyingExampleMap.umap'
[2022.10.31-06.50.53:854][719]LogSavePackage: Moving '../../../../../../Users/Administrator/Documents/Unreal Projects/MyUFO/Saved/FlyingExampleMap_BuiltDataC6FAEA4A4E8F9D635E5FB597E407EA95.tmp' to '../../../../../../Users/Administrator/Documents/Unreal Projects/MyUFO/Content/FlyingBP/Maps/FlyingExampleMap_BuiltData.uasset'
[2022.10.31-06.50.53:886][719]AssetCheck: New page: 资产保存：多个资产
[2022.10.31-06.50.53:886][719]LogContentValidation: Display: 正在验证MapBuildDataRegistry /Game/FlyingBP/Maps/FlyingExampleMap_BuiltData.FlyingExampleMap_BuiltData
[2022.10.31-06.50.53:886][719]LogContentValidation: Display: 正在验证World /Game/FlyingBP/Maps/FlyingExampleMap.FlyingExampleMap
